#
# A fatal error has been detected by the Java Runtime Environment:
#
#  Internal Error (./src/hotspot/share/jvmci/jvmciRuntime.cpp:1129), pid=26696, tid=10852
#  fatal error: Fatal error in JVMCI shared library JavaVM[2] owned by JVMCI runtime 0
#
# JRE version: OpenJDK Runtime Environment GraalVM CE 22.3.0 (11.0.17+8) (build 11.0.17+8-jvmci-22.3-b08)
# Java VM: OpenJDK 64-Bit Server VM GraalVM CE 22.3.0 (11.0.17+8-jvmci-22.3-b08, mixed mode, sharing, tiered, jvmci, jvmci compiler, compressed oops, g1 gc, windows-amd64)
# No core dump will be written. Minidumps are not enabled by default on client versions of Windows
#
# If you would like to submit a bug report, please visit:
#   https://github.com/oracle/graal/issues
# The crash happened outside the Java Virtual Machine in native code.
# See problematic frame for where to report the bug.
#

---------------  S U M M A R Y ------------

Command Line: -XX:ThreadPriorityPolicy=1 -XX:+UnlockExperimentalVMOptions -XX:+EnableJVMCIProduct -XX:JVMCIThreadsPerNativeLibraryRuntime=1 -XX:-UnlockExperimentalVMOptions -Djavax.net.ssl.trustStore=C:\keystore\keystore.jks -Djavax.net.ssl.trustStorePassword=changeit -Dclassworlds.conf=C:\ProgramData\chocolatey\lib\maven\apache-maven-3.8.7\bin\m2.conf -Dmaven.home=C:\ProgramData\chocolatey\lib\maven\apache-maven-3.8.7 -Dlibrary.jansi.path=C:\ProgramData\chocolatey\lib\maven\apache-maven-3.8.7\lib\jansi-native -Dmaven.multiModuleProjectDirectory=C:\Users\10015760\Documents\okd-devops\core-f00183-nf-to-p3-nf-detection-event-v3 org.codehaus.plexus.classworlds.launcher.Launcher clean install -U quarkus:dev

Host: Intel(R) Core(TM) i5-10210U CPU @ 1.60GHz, 8 cores, 15G,  Windows 10 , 64 bit Build 19041 (10.0.19041.2364)
Time: Fri Feb  3 11:30:44 2023 Malay Peninsula Standard Time elapsed time: 25.503815 seconds (0d 0h 0m 25s)

---------------  T H R E A D  ---------------

Current thread (0x0000012163f03000):  JavaThread "JVMCI-native CompilerThread0" daemon [_thread_in_native, id=10852, stack(0x00000004b7000000,0x00000004b7100000)]


Current CompileTask:
JVMCI-native:  25503 11032 %     4       org.apache.maven.model.management.DefaultDependencyManagementInjector$ManagementModelMerger::mergeManagedDependencies @ 88 (151 bytes)

Stack: [0x00000004b7000000,0x00000004b7100000]
Native frames: (J=compiled Java code, j=interpreted, Vv=VM code, C=native code)
V  [jvm.dll+0x63742a]
V  [jvm.dll+0x774579]
V  [jvm.dll+0x775c68]
V  [jvm.dll+0x244774]
V  [jvm.dll+0x492ad4]
C  [jvmcicompiler.dll+0xdf3cf]


---------------  P R O C E S S  ---------------

Threads class SMR info:
_java_thread_list=0x000001216b0ef1b0, length=10, elements={
0x0000012138fee000, 0x0000012160d83800, 0x0000012160d84800, 0x0000012163ef8800,
0x0000012163ef9800, 0x0000012163efc800, 0x0000012163f03000, 0x0000012163f04000,
0x0000012163f15800, 0x0000012160d5d000
}

Java Threads: ( => current thread )
  0x0000012138fee000 JavaThread "main" [_thread_in_native, id=27568, stack(0x00000004b6400000,0x00000004b6500000)]
  0x0000012160d83800 JavaThread "Reference Handler" daemon [_thread_blocked, id=18208, stack(0x00000004b6b00000,0x00000004b6c00000)]
  0x0000012160d84800 JavaThread "Finalizer" daemon [_thread_blocked, id=25336, stack(0x00000004b6c00000,0x00000004b6d00000)]
  0x0000012163ef8800 JavaThread "Signal Dispatcher" daemon [_thread_blocked, id=5720, stack(0x00000004b6d00000,0x00000004b6e00000)]
  0x0000012163ef9800 JavaThread "Attach Listener" daemon [_thread_blocked, id=28316, stack(0x00000004b6e00000,0x00000004b6f00000)]
  0x0000012163efc800 JavaThread "Service Thread" daemon [_thread_blocked, id=10872, stack(0x00000004b6f00000,0x00000004b7000000)]
=>0x0000012163f03000 JavaThread "JVMCI-native CompilerThread0" daemon [_thread_in_native, id=10852, stack(0x00000004b7000000,0x00000004b7100000)]
  0x0000012163f04000 JavaThread "C1 CompilerThread0" daemon [_thread_blocked, id=6196, stack(0x00000004b7100000,0x00000004b7200000)]
  0x0000012163f15800 JavaThread "Sweeper thread" daemon [_thread_blocked, id=24024, stack(0x00000004b7200000,0x00000004b7300000)]
  0x0000012160d5d000 JavaThread "Common-Cleaner" daemon [_thread_blocked, id=18112, stack(0x00000004b7300000,0x00000004b7400000)]

Other Threads:
  0x0000012160d81000 VMThread "VM Thread" [stack: 0x00000004b6a00000,0x00000004b6b00000] [id=4192]
  0x0000012164071000 WatcherThread [stack: 0x00000004b7600000,0x00000004b7700000] [id=8700]
  0x0000012139008000 GCTaskThread "GC Thread#0" [stack: 0x00000004b6500000,0x00000004b6600000] [id=23088]
  0x00000121672f3800 GCTaskThread "GC Thread#1" [stack: 0x00000004b7700000,0x00000004b7800000] [id=18600]
  0x000001216770e800 GCTaskThread "GC Thread#2" [stack: 0x00000004b7800000,0x00000004b7900000] [id=3468]
  0x00000121671ed800 GCTaskThread "GC Thread#3" [stack: 0x00000004b7900000,0x00000004b7a00000] [id=19264]
  0x0000012167715000 GCTaskThread "GC Thread#4" [stack: 0x00000004b7a00000,0x00000004b7b00000] [id=9936]
  0x000001216772a000 GCTaskThread "GC Thread#5" [stack: 0x00000004b7b00000,0x00000004b7c00000] [id=8332]
  0x000001216b834800 GCTaskThread "GC Thread#6" [stack: 0x00000004b8300000,0x00000004b8400000] [id=25688]
  0x0000012160bb5000 ConcurrentGCThread "G1 Main Marker" [stack: 0x00000004b6600000,0x00000004b6700000] [id=26316]
  0x0000012160bb7000 ConcurrentGCThread "G1 Conc#0" [stack: 0x00000004b6700000,0x00000004b6800000] [id=13624]
  0x0000012167c95000 ConcurrentGCThread "G1 Conc#1" [stack: 0x00000004b8200000,0x00000004b8300000] [id=952]
  0x0000012160cda800 ConcurrentGCThread "G1 Refine#0" [stack: 0x00000004b6800000,0x00000004b6900000] [id=10308]
  0x0000012167731800 ConcurrentGCThread "G1 Refine#1" [stack: 0x00000004b7c00000,0x00000004b7d00000] [id=7852]
  0x0000012167733000 ConcurrentGCThread "G1 Refine#2" [stack: 0x00000004b7d00000,0x00000004b7e00000] [id=16428]
  0x00000121678d9800 ConcurrentGCThread "G1 Refine#3" [stack: 0x00000004b7e00000,0x00000004b7f00000] [id=27596]
  0x0000012167a7f800 ConcurrentGCThread "G1 Refine#4" [stack: 0x00000004b7f00000,0x00000004b8000000] [id=12240]
  0x0000012167ac3000 ConcurrentGCThread "G1 Refine#5" [stack: 0x00000004b8000000,0x00000004b8100000] [id=24080]
  0x0000012160cdb800 ConcurrentGCThread "G1 Young RemSet Sampling" [stack: 0x00000004b6900000,0x00000004b6a00000] [id=25308]

Threads with active compile tasks:
JVMCI-native CompilerThread0    25534 11032 %     4       org.apache.maven.model.management.DefaultDependencyManagementInjector$ManagementModelMerger::mergeManagedDependencies @ 88 (151 bytes)
C1 CompilerThread0    25534 11066 %     3       org.apache.maven.model.interpolation.StringVisitorModelInterpolator$ModelVisitor::visit @ 14 (89 bytes)

VM state:not at safepoint (normal execution)

VM Mutex/Monitor currently owned by a thread: None

Heap address: 0x0000000702800000, size: 4056 MB, Compressed Oops mode: Zero based, Oop shift amount: 3
Narrow klass base: 0x0000000800000000, Narrow klass shift: 3
Compressed class space size: 1073741824 Address: 0x0000000840000000

Heap:
 garbage-first heap   total 312320K, used 206694K [0x0000000702800000, 0x0000000800000000)
  region size 1024K, 125 young (128000K), 7 survivors (7168K)
 Metaspace       used 51888K, capacity 53128K, committed 53244K, reserved 1097728K
  class space    used 5113K, capacity 5530K, committed 5632K, reserved 1048576K
Heap Regions: E=young(eden), S=young(survivor), O=old, HS=humongous(starts), HC=humongous(continues), CS=collection set, F=free, A=archive, TAMS=top-at-mark-start (previous, next)
|   0|0x0000000702800000, 0x0000000702900000, 0x0000000702900000|100%| O|  |TAMS 0x0000000702900000, 0x0000000702800000| Untracked 
|   1|0x0000000702900000, 0x0000000702a00000, 0x0000000702a00000|100%| O|  |TAMS 0x0000000702a00000, 0x0000000702900000| Untracked 
|   2|0x0000000702a00000, 0x0000000702b00000, 0x0000000702b00000|100%| O|  |TAMS 0x0000000702b00000, 0x0000000702a00000| Untracked 
|   3|0x0000000702b00000, 0x0000000702c00000, 0x0000000702c00000|100%| O|  |TAMS 0x0000000702c00000, 0x0000000702b00000| Untracked 
|   4|0x0000000702c00000, 0x0000000702d00000, 0x0000000702d00000|100%| O|  |TAMS 0x0000000702d00000, 0x0000000702c00000| Untracked 
|   5|0x0000000702d00000, 0x0000000702e00000, 0x0000000702e00000|100%| O|  |TAMS 0x0000000702e00000, 0x0000000702d00000| Untracked 
|   6|0x0000000702e00000, 0x0000000702f00000, 0x0000000702f00000|100%| O|  |TAMS 0x0000000702f00000, 0x0000000702e00000| Untracked 
|   7|0x0000000702f00000, 0x0000000703000000, 0x0000000703000000|100%| O|  |TAMS 0x0000000703000000, 0x0000000702f00000| Untracked 
|   8|0x0000000703000000, 0x0000000703100000, 0x0000000703100000|100%| O|  |TAMS 0x0000000703100000, 0x0000000703000000| Untracked 
|   9|0x0000000703100000, 0x0000000703200000, 0x0000000703200000|100%| O|  |TAMS 0x0000000703200000, 0x0000000703100000| Untracked 
|  10|0x0000000703200000, 0x0000000703300000, 0x0000000703300000|100%| O|  |TAMS 0x0000000703300000, 0x0000000703200000| Untracked 
|  11|0x0000000703300000, 0x0000000703400000, 0x0000000703400000|100%| O|  |TAMS 0x0000000703400000, 0x0000000703300000| Untracked 
|  12|0x0000000703400000, 0x0000000703500000, 0x0000000703500000|100%| O|  |TAMS 0x0000000703500000, 0x0000000703400000| Untracked 
|  13|0x0000000703500000, 0x0000000703600000, 0x0000000703600000|100%| O|  |TAMS 0x0000000703600000, 0x0000000703500000| Untracked 
|  14|0x0000000703600000, 0x0000000703700000, 0x0000000703700000|100%| O|  |TAMS 0x0000000703700000, 0x0000000703600000| Untracked 
|  15|0x0000000703700000, 0x0000000703800000, 0x0000000703800000|100%| O|  |TAMS 0x0000000703800000, 0x0000000703700000| Untracked 
|  16|0x0000000703800000, 0x0000000703900000, 0x0000000703900000|100%| O|  |TAMS 0x0000000703900000, 0x0000000703800000| Untracked 
|  17|0x0000000703900000, 0x0000000703a00000, 0x0000000703a00000|100%| O|  |TAMS 0x0000000703a00000, 0x0000000703900000| Untracked 
|  18|0x0000000703a00000, 0x0000000703b00000, 0x0000000703b00000|100%| O|  |TAMS 0x0000000703b00000, 0x0000000703a00000| Untracked 
|  19|0x0000000703b00000, 0x0000000703c00000, 0x0000000703c00000|100%| O|  |TAMS 0x0000000703c00000, 0x0000000703b00000| Untracked 
|  20|0x0000000703c00000, 0x0000000703d00000, 0x0000000703d00000|100%| O|  |TAMS 0x0000000703d00000, 0x0000000703c00000| Untracked 
|  21|0x0000000703d00000, 0x0000000703e00000, 0x0000000703e00000|100%| O|  |TAMS 0x0000000703e00000, 0x0000000703d00000| Untracked 
|  22|0x0000000703e00000, 0x0000000703f00000, 0x0000000703f00000|100%| O|  |TAMS 0x0000000703f00000, 0x0000000703e00000| Untracked 
|  23|0x0000000703f00000, 0x0000000704000000, 0x0000000704000000|100%| O|  |TAMS 0x0000000704000000, 0x0000000703f00000| Untracked 
|  24|0x0000000704000000, 0x0000000704100000, 0x0000000704100000|100%| O|  |TAMS 0x0000000704100000, 0x0000000704000000| Untracked 
|  25|0x0000000704100000, 0x0000000704200000, 0x0000000704200000|100%| O|  |TAMS 0x0000000704200000, 0x0000000704100000| Untracked 
|  26|0x0000000704200000, 0x0000000704300000, 0x0000000704300000|100%| O|  |TAMS 0x0000000704300000, 0x0000000704200000| Untracked 
|  27|0x0000000704300000, 0x0000000704400000, 0x0000000704400000|100%| O|  |TAMS 0x0000000704400000, 0x0000000704300000| Untracked 
|  28|0x0000000704400000, 0x0000000704500000, 0x0000000704500000|100%| O|  |TAMS 0x0000000704500000, 0x0000000704400000| Untracked 
|  29|0x0000000704500000, 0x0000000704600000, 0x0000000704600000|100%| O|  |TAMS 0x0000000704600000, 0x0000000704500000| Untracked 
|  30|0x0000000704600000, 0x0000000704700000, 0x0000000704700000|100%| O|  |TAMS 0x0000000704700000, 0x0000000704600000| Untracked 
|  31|0x0000000704700000, 0x0000000704800000, 0x0000000704800000|100%| O|  |TAMS 0x0000000704800000, 0x0000000704700000| Untracked 
|  32|0x0000000704800000, 0x0000000704900000, 0x0000000704900000|100%| O|  |TAMS 0x0000000704900000, 0x0000000704800000| Untracked 
|  33|0x0000000704900000, 0x0000000704a00000, 0x0000000704a00000|100%| O|  |TAMS 0x0000000704a00000, 0x0000000704900000| Untracked 
|  34|0x0000000704a00000, 0x0000000704b00000, 0x0000000704b00000|100%| O|  |TAMS 0x0000000704b00000, 0x0000000704a00000| Untracked 
|  35|0x0000000704b00000, 0x0000000704c00000, 0x0000000704c00000|100%| O|  |TAMS 0x0000000704c00000, 0x0000000704b00000| Untracked 
|  36|0x0000000704c00000, 0x0000000704d00000, 0x0000000704d00000|100%| O|  |TAMS 0x0000000704d00000, 0x0000000704c00000| Untracked 
|  37|0x0000000704d00000, 0x0000000704e00000, 0x0000000704e00000|100%| O|  |TAMS 0x0000000704e00000, 0x0000000704d00000| Untracked 
|  38|0x0000000704e00000, 0x0000000704f00000, 0x0000000704f00000|100%| O|  |TAMS 0x0000000704f00000, 0x0000000704e00000| Untracked 
|  39|0x0000000704f00000, 0x0000000705000000, 0x0000000705000000|100%| O|  |TAMS 0x0000000705000000, 0x0000000704f00000| Untracked 
|  40|0x0000000705000000, 0x0000000705100000, 0x0000000705100000|100%| O|  |TAMS 0x0000000705100000, 0x0000000705000000| Untracked 
|  41|0x0000000705100000, 0x0000000705200000, 0x0000000705200000|100%| O|  |TAMS 0x0000000705200000, 0x0000000705100000| Untracked 
|  42|0x0000000705200000, 0x0000000705300000, 0x0000000705300000|100%| O|  |TAMS 0x0000000705300000, 0x0000000705200000| Untracked 
|  43|0x0000000705300000, 0x0000000705400000, 0x0000000705400000|100%| O|  |TAMS 0x0000000705400000, 0x0000000705300000| Untracked 
|  44|0x0000000705400000, 0x0000000705500000, 0x0000000705500000|100%| O|  |TAMS 0x0000000705500000, 0x0000000705400000| Untracked 
|  45|0x0000000705500000, 0x0000000705600000, 0x0000000705600000|100%| O|  |TAMS 0x0000000705600000, 0x0000000705500000| Untracked 
|  46|0x0000000705600000, 0x0000000705700000, 0x0000000705700000|100%| O|  |TAMS 0x0000000705700000, 0x0000000705600000| Untracked 
|  47|0x0000000705700000, 0x0000000705800000, 0x0000000705800000|100%| O|  |TAMS 0x0000000705800000, 0x0000000705700000| Untracked 
|  48|0x0000000705800000, 0x0000000705900000, 0x0000000705900000|100%| O|  |TAMS 0x0000000705900000, 0x0000000705800000| Untracked 
|  49|0x0000000705900000, 0x0000000705a00000, 0x0000000705a00000|100%| O|  |TAMS 0x0000000705900000, 0x0000000705900000| Untracked 
|  50|0x0000000705a00000, 0x0000000705b00000, 0x0000000705b00000|100%| O|  |TAMS 0x0000000705a00000, 0x0000000705a00000| Untracked 
|  51|0x0000000705b00000, 0x0000000705c00000, 0x0000000705c00000|100%|HS|  |TAMS 0x0000000705b00000, 0x0000000705b00000| Complete 
|  52|0x0000000705c00000, 0x0000000705d00000, 0x0000000705d00000|100%|HC|  |TAMS 0x0000000705c00000, 0x0000000705c00000| Complete 
|  53|0x0000000705d00000, 0x0000000705e00000, 0x0000000705e00000|100%|HS|  |TAMS 0x0000000705e00000, 0x0000000705d00000| Complete 
|  54|0x0000000705e00000, 0x0000000705f00000, 0x0000000705f00000|100%|HC|  |TAMS 0x0000000705f00000, 0x0000000705e00000| Complete 
|  55|0x0000000705f00000, 0x0000000706000000, 0x0000000706000000|100%| O|  |TAMS 0x0000000706000000, 0x0000000705f00000| Untracked 
|  56|0x0000000706000000, 0x0000000706100000, 0x0000000706100000|100%| O|  |TAMS 0x0000000706100000, 0x0000000706000000| Untracked 
|  57|0x0000000706100000, 0x0000000706200000, 0x0000000706200000|100%| O|  |TAMS 0x0000000706200000, 0x0000000706100000| Untracked 
|  58|0x0000000706200000, 0x0000000706300000, 0x0000000706300000|100%| O|  |TAMS 0x0000000706300000, 0x0000000706200000| Untracked 
|  59|0x0000000706300000, 0x0000000706400000, 0x0000000706400000|100%| O|  |TAMS 0x0000000706400000, 0x0000000706300000| Untracked 
|  60|0x0000000706400000, 0x0000000706500000, 0x0000000706500000|100%| O|  |TAMS 0x0000000706500000, 0x0000000706400000| Untracked 
|  61|0x0000000706500000, 0x0000000706600000, 0x0000000706600000|100%| O|  |TAMS 0x0000000706600000, 0x0000000706500000| Untracked 
|  62|0x0000000706600000, 0x0000000706700000, 0x0000000706700000|100%| O|  |TAMS 0x0000000706700000, 0x0000000706600000| Untracked 
|  63|0x0000000706700000, 0x0000000706800000, 0x0000000706800000|100%| O|  |TAMS 0x0000000706800000, 0x0000000706700000| Untracked 
|  64|0x0000000706800000, 0x0000000706900000, 0x0000000706900000|100%| O|  |TAMS 0x0000000706855e00, 0x0000000706800000| Untracked 
|  65|0x0000000706900000, 0x0000000706a00000, 0x0000000706a00000|100%| O|  |TAMS 0x0000000706900000, 0x0000000706900000| Untracked 
|  66|0x0000000706a00000, 0x0000000706b00000, 0x0000000706b00000|100%| O|  |TAMS 0x0000000706a00000, 0x0000000706a00000| Untracked 
|  67|0x0000000706b00000, 0x0000000706c00000, 0x0000000706c00000|100%| O|  |TAMS 0x0000000706b00000, 0x0000000706b00000| Untracked 
|  68|0x0000000706c00000, 0x0000000706d00000, 0x0000000706d00000|100%| O|  |TAMS 0x0000000706c00000, 0x0000000706c00000| Untracked 
|  69|0x0000000706d00000, 0x0000000706e00000, 0x0000000706e00000|100%| O|  |TAMS 0x0000000706d00000, 0x0000000706d00000| Untracked 
|  70|0x0000000706e00000, 0x0000000706f00000, 0x0000000706f00000|100%| O|  |TAMS 0x0000000706e00000, 0x0000000706e00000| Untracked 
|  71|0x0000000706f00000, 0x0000000707000000, 0x0000000707000000|100%| O|  |TAMS 0x0000000706f00000, 0x0000000706f00000| Untracked 
|  72|0x0000000707000000, 0x0000000707100000, 0x0000000707100000|100%| O|  |TAMS 0x0000000707000000, 0x0000000707000000| Untracked 
|  73|0x0000000707100000, 0x0000000707200000, 0x0000000707200000|100%| O|  |TAMS 0x0000000707100000, 0x0000000707100000| Untracked 
|  74|0x0000000707200000, 0x0000000707300000, 0x0000000707300000|100%| O|  |TAMS 0x0000000707200000, 0x0000000707200000| Untracked 
|  75|0x0000000707300000, 0x0000000707400000, 0x0000000707400000|100%| O|  |TAMS 0x0000000707300000, 0x0000000707300000| Untracked 
|  76|0x0000000707400000, 0x0000000707500000, 0x0000000707500000|100%| O|  |TAMS 0x0000000707400000, 0x0000000707400000| Untracked 
|  77|0x0000000707500000, 0x00000007075b8800, 0x0000000707600000| 72%| O|  |TAMS 0x0000000707500000, 0x0000000707500000| Untracked 
|  78|0x0000000707600000, 0x0000000707700000, 0x0000000707700000|100%|HS|  |TAMS 0x0000000707600000, 0x0000000707600000| Complete 
|  79|0x0000000707700000, 0x0000000707700000, 0x0000000707800000|  0%| F|  |TAMS 0x0000000707700000, 0x0000000707700000| Untracked 
|  80|0x0000000707800000, 0x0000000707800000, 0x0000000707900000|  0%| F|  |TAMS 0x0000000707800000, 0x0000000707800000| Untracked 
|  81|0x0000000707900000, 0x0000000707900000, 0x0000000707a00000|  0%| F|  |TAMS 0x0000000707900000, 0x0000000707900000| Untracked 
|  82|0x0000000707a00000, 0x0000000707a00000, 0x0000000707b00000|  0%| F|  |TAMS 0x0000000707a00000, 0x0000000707a00000| Untracked 
|  83|0x0000000707b00000, 0x0000000707b00000, 0x0000000707c00000|  0%| F|  |TAMS 0x0000000707b00000, 0x0000000707b00000| Untracked 
|  84|0x0000000707c00000, 0x0000000707c00000, 0x0000000707d00000|  0%| F|  |TAMS 0x0000000707c00000, 0x0000000707c00000| Untracked 
|  85|0x0000000707d00000, 0x0000000707d00000, 0x0000000707e00000|  0%| F|  |TAMS 0x0000000707d00000, 0x0000000707d00000| Untracked 
|  86|0x0000000707e00000, 0x0000000707e00000, 0x0000000707f00000|  0%| F|  |TAMS 0x0000000707e00000, 0x0000000707e00000| Untracked 
|  87|0x0000000707f00000, 0x0000000707f00000, 0x0000000708000000|  0%| F|  |TAMS 0x0000000707f00000, 0x0000000707f00000| Untracked 
|  88|0x0000000708000000, 0x0000000708000000, 0x0000000708100000|  0%| F|  |TAMS 0x0000000708000000, 0x0000000708000000| Untracked 
|  89|0x0000000708100000, 0x0000000708100000, 0x0000000708200000|  0%| F|  |TAMS 0x0000000708100000, 0x0000000708100000| Untracked 
|  90|0x0000000708200000, 0x0000000708200000, 0x0000000708300000|  0%| F|  |TAMS 0x0000000708200000, 0x0000000708200000| Untracked 
|  91|0x0000000708300000, 0x0000000708300000, 0x0000000708400000|  0%| F|  |TAMS 0x0000000708300000, 0x0000000708300000| Untracked 
|  92|0x0000000708400000, 0x0000000708400000, 0x0000000708500000|  0%| F|  |TAMS 0x0000000708400000, 0x0000000708400000| Untracked 
|  93|0x0000000708500000, 0x0000000708500000, 0x0000000708600000|  0%| F|  |TAMS 0x0000000708500000, 0x0000000708500000| Untracked 
|  94|0x0000000708600000, 0x0000000708600000, 0x0000000708700000|  0%| F|  |TAMS 0x0000000708600000, 0x0000000708600000| Untracked 
|  95|0x0000000708700000, 0x0000000708700000, 0x0000000708800000|  0%| F|  |TAMS 0x0000000708700000, 0x0000000708700000| Untracked 
|  96|0x0000000708800000, 0x0000000708800000, 0x0000000708900000|  0%| F|  |TAMS 0x0000000708800000, 0x0000000708800000| Untracked 
|  97|0x0000000708900000, 0x0000000708900000, 0x0000000708a00000|  0%| F|  |TAMS 0x0000000708900000, 0x0000000708900000| Untracked 
|  98|0x0000000708a00000, 0x0000000708a00000, 0x0000000708b00000|  0%| F|  |TAMS 0x0000000708a00000, 0x0000000708a00000| Untracked 
|  99|0x0000000708b00000, 0x0000000708b00000, 0x0000000708c00000|  0%| F|  |TAMS 0x0000000708b00000, 0x0000000708b00000| Untracked 
| 100|0x0000000708c00000, 0x0000000708c00000, 0x0000000708d00000|  0%| F|  |TAMS 0x0000000708c00000, 0x0000000708c00000| Untracked 
| 101|0x0000000708d00000, 0x0000000708d00000, 0x0000000708e00000|  0%| F|  |TAMS 0x0000000708d00000, 0x0000000708d00000| Untracked 
| 102|0x0000000708e00000, 0x0000000708e00000, 0x0000000708f00000|  0%| F|  |TAMS 0x0000000708e00000, 0x0000000708e00000| Untracked 
| 103|0x0000000708f00000, 0x0000000708f00000, 0x0000000709000000|  0%| F|  |TAMS 0x0000000708f00000, 0x0000000708f00000| Untracked 
| 104|0x0000000709000000, 0x0000000709000000, 0x0000000709100000|  0%| F|  |TAMS 0x0000000709000000, 0x0000000709000000| Untracked 
| 105|0x0000000709100000, 0x0000000709100000, 0x0000000709200000|  0%| F|  |TAMS 0x0000000709100000, 0x0000000709100000| Untracked 
| 106|0x0000000709200000, 0x0000000709200000, 0x0000000709300000|  0%| F|  |TAMS 0x0000000709200000, 0x0000000709200000| Untracked 
| 107|0x0000000709300000, 0x0000000709300000, 0x0000000709400000|  0%| F|  |TAMS 0x0000000709300000, 0x0000000709300000| Untracked 
| 108|0x0000000709400000, 0x0000000709400000, 0x0000000709500000|  0%| F|  |TAMS 0x0000000709400000, 0x0000000709400000| Untracked 
| 109|0x0000000709500000, 0x0000000709500000, 0x0000000709600000|  0%| F|  |TAMS 0x0000000709500000, 0x0000000709500000| Untracked 
| 110|0x0000000709600000, 0x0000000709600000, 0x0000000709700000|  0%| F|  |TAMS 0x0000000709600000, 0x0000000709600000| Untracked 
| 111|0x0000000709700000, 0x0000000709700000, 0x0000000709800000|  0%| F|  |TAMS 0x0000000709700000, 0x0000000709700000| Untracked 
| 112|0x0000000709800000, 0x0000000709800000, 0x0000000709900000|  0%| F|  |TAMS 0x0000000709800000, 0x0000000709800000| Untracked 
| 113|0x0000000709900000, 0x0000000709900000, 0x0000000709a00000|  0%| F|  |TAMS 0x0000000709900000, 0x0000000709900000| Untracked 
| 114|0x0000000709a00000, 0x0000000709a00000, 0x0000000709b00000|  0%| F|  |TAMS 0x0000000709a00000, 0x0000000709a00000| Untracked 
| 115|0x0000000709b00000, 0x0000000709b00000, 0x0000000709c00000|  0%| F|  |TAMS 0x0000000709b00000, 0x0000000709b00000| Untracked 
| 116|0x0000000709c00000, 0x0000000709c00000, 0x0000000709d00000|  0%| F|  |TAMS 0x0000000709c00000, 0x0000000709c00000| Untracked 
| 117|0x0000000709d00000, 0x0000000709d00000, 0x0000000709e00000|  0%| F|  |TAMS 0x0000000709d00000, 0x0000000709d00000| Untracked 
| 118|0x0000000709e00000, 0x0000000709e00000, 0x0000000709f00000|  0%| F|  |TAMS 0x0000000709e00000, 0x0000000709e00000| Untracked 
| 119|0x0000000709f00000, 0x0000000709f00000, 0x000000070a000000|  0%| F|  |TAMS 0x0000000709f00000, 0x0000000709f00000| Untracked 
| 120|0x000000070a000000, 0x000000070a000000, 0x000000070a100000|  0%| F|  |TAMS 0x000000070a000000, 0x000000070a000000| Untracked 
| 121|0x000000070a100000, 0x000000070a100000, 0x000000070a200000|  0%| F|  |TAMS 0x000000070a100000, 0x000000070a100000| Untracked 
| 122|0x000000070a200000, 0x000000070a200000, 0x000000070a300000|  0%| F|  |TAMS 0x000000070a200000, 0x000000070a200000| Untracked 
| 123|0x000000070a300000, 0x000000070a300000, 0x000000070a400000|  0%| F|  |TAMS 0x000000070a300000, 0x000000070a300000| Untracked 
| 124|0x000000070a400000, 0x000000070a400000, 0x000000070a500000|  0%| F|  |TAMS 0x000000070a400000, 0x000000070a400000| Untracked 
| 125|0x000000070a500000, 0x000000070a500000, 0x000000070a600000|  0%| F|  |TAMS 0x000000070a500000, 0x000000070a500000| Untracked 
| 126|0x000000070a600000, 0x000000070a600000, 0x000000070a700000|  0%| F|  |TAMS 0x000000070a600000, 0x000000070a600000| Untracked 
| 127|0x000000070a700000, 0x000000070a700000, 0x000000070a800000|  0%| F|  |TAMS 0x000000070a700000, 0x000000070a700000| Untracked 
| 128|0x000000070a800000, 0x000000070a800000, 0x000000070a900000|  0%| F|  |TAMS 0x000000070a800000, 0x000000070a800000| Untracked 
| 129|0x000000070a900000, 0x000000070a900000, 0x000000070aa00000|  0%| F|  |TAMS 0x000000070a900000, 0x000000070a900000| Untracked 
| 130|0x000000070aa00000, 0x000000070aa00000, 0x000000070ab00000|  0%| F|  |TAMS 0x000000070aa00000, 0x000000070aa00000| Untracked 
| 131|0x000000070ab00000, 0x000000070ab00000, 0x000000070ac00000|  0%| F|  |TAMS 0x000000070ab00000, 0x000000070ab00000| Untracked 
| 132|0x000000070ac00000, 0x000000070ac00000, 0x000000070ad00000|  0%| F|  |TAMS 0x000000070ac00000, 0x000000070ac00000| Untracked 
| 133|0x000000070ad00000, 0x000000070ad00000, 0x000000070ae00000|  0%| F|  |TAMS 0x000000070ad00000, 0x000000070ad00000| Untracked 
| 134|0x000000070ae00000, 0x000000070ae00000, 0x000000070af00000|  0%| F|  |TAMS 0x000000070ae00000, 0x000000070ae00000| Untracked 
| 135|0x000000070af00000, 0x000000070af00000, 0x000000070b000000|  0%| F|  |TAMS 0x000000070af00000, 0x000000070af00000| Untracked 
| 136|0x000000070b000000, 0x000000070b000000, 0x000000070b100000|  0%| F|  |TAMS 0x000000070b000000, 0x000000070b000000| Untracked 
| 137|0x000000070b100000, 0x000000070b100000, 0x000000070b200000|  0%| F|  |TAMS 0x000000070b100000, 0x000000070b100000| Untracked 
| 138|0x000000070b200000, 0x000000070b200000, 0x000000070b300000|  0%| F|  |TAMS 0x000000070b200000, 0x000000070b200000| Untracked 
| 139|0x000000070b300000, 0x000000070b300000, 0x000000070b400000|  0%| F|  |TAMS 0x000000070b300000, 0x000000070b300000| Untracked 
| 140|0x000000070b400000, 0x000000070b400000, 0x000000070b500000|  0%| F|  |TAMS 0x000000070b400000, 0x000000070b400000| Untracked 
| 141|0x000000070b500000, 0x000000070b500000, 0x000000070b600000|  0%| F|  |TAMS 0x000000070b500000, 0x000000070b500000| Untracked 
| 142|0x000000070b600000, 0x000000070b600000, 0x000000070b700000|  0%| F|  |TAMS 0x000000070b600000, 0x000000070b600000| Untracked 
| 143|0x000000070b700000, 0x000000070b700000, 0x000000070b800000|  0%| F|  |TAMS 0x000000070b700000, 0x000000070b700000| Untracked 
| 144|0x000000070b800000, 0x000000070b800000, 0x000000070b900000|  0%| F|  |TAMS 0x000000070b800000, 0x000000070b800000| Untracked 
| 145|0x000000070b900000, 0x000000070b900000, 0x000000070ba00000|  0%| F|  |TAMS 0x000000070b900000, 0x000000070b900000| Untracked 
| 146|0x000000070ba00000, 0x000000070ba00000, 0x000000070bb00000|  0%| F|  |TAMS 0x000000070ba00000, 0x000000070ba00000| Untracked 
| 147|0x000000070bb00000, 0x000000070bb00000, 0x000000070bc00000|  0%| F|  |TAMS 0x000000070bb00000, 0x000000070bb00000| Untracked 
| 148|0x000000070bc00000, 0x000000070bc00000, 0x000000070bd00000|  0%| F|  |TAMS 0x000000070bc00000, 0x000000070bc00000| Untracked 
| 149|0x000000070bd00000, 0x000000070bd00000, 0x000000070be00000|  0%| F|  |TAMS 0x000000070bd00000, 0x000000070bd00000| Untracked 
| 150|0x000000070be00000, 0x000000070be00000, 0x000000070bf00000|  0%| F|  |TAMS 0x000000070be00000, 0x000000070be00000| Untracked 
| 151|0x000000070bf00000, 0x000000070bf00000, 0x000000070c000000|  0%| F|  |TAMS 0x000000070bf00000, 0x000000070bf00000| Untracked 
| 152|0x000000070c000000, 0x000000070c000000, 0x000000070c100000|  0%| F|  |TAMS 0x000000070c000000, 0x000000070c000000| Untracked 
| 153|0x000000070c100000, 0x000000070c100000, 0x000000070c200000|  0%| F|  |TAMS 0x000000070c100000, 0x000000070c100000| Untracked 
| 154|0x000000070c200000, 0x000000070c200000, 0x000000070c300000|  0%| F|  |TAMS 0x000000070c200000, 0x000000070c200000| Untracked 
| 155|0x000000070c300000, 0x000000070c300000, 0x000000070c400000|  0%| F|  |TAMS 0x000000070c300000, 0x000000070c300000| Untracked 
| 156|0x000000070c400000, 0x000000070c400000, 0x000000070c500000|  0%| F|  |TAMS 0x000000070c400000, 0x000000070c400000| Untracked 
| 157|0x000000070c500000, 0x000000070c500000, 0x000000070c600000|  0%| F|  |TAMS 0x000000070c500000, 0x000000070c500000| Untracked 
| 158|0x000000070c600000, 0x000000070c600000, 0x000000070c700000|  0%| F|  |TAMS 0x000000070c600000, 0x000000070c600000| Untracked 
| 159|0x000000070c700000, 0x000000070c700000, 0x000000070c800000|  0%| F|  |TAMS 0x000000070c700000, 0x000000070c700000| Untracked 
| 160|0x000000070c800000, 0x000000070c800000, 0x000000070c900000|  0%| F|  |TAMS 0x000000070c800000, 0x000000070c800000| Untracked 
| 161|0x000000070c900000, 0x000000070c900000, 0x000000070ca00000|  0%| F|  |TAMS 0x000000070c900000, 0x000000070c900000| Untracked 
| 162|0x000000070ca00000, 0x000000070ca00000, 0x000000070cb00000|  0%| F|  |TAMS 0x000000070ca00000, 0x000000070ca00000| Untracked 
| 163|0x000000070cb00000, 0x000000070cb00000, 0x000000070cc00000|  0%| F|  |TAMS 0x000000070cb00000, 0x000000070cb00000| Untracked 
| 164|0x000000070cc00000, 0x000000070cd00000, 0x000000070cd00000|100%| S|CS|TAMS 0x000000070cc00000, 0x000000070cc00000| Complete 
| 165|0x000000070cd00000, 0x000000070ce00000, 0x000000070ce00000|100%| S|CS|TAMS 0x000000070cd00000, 0x000000070cd00000| Complete 
| 166|0x000000070ce00000, 0x000000070cf00000, 0x000000070cf00000|100%| S|CS|TAMS 0x000000070ce00000, 0x000000070ce00000| Complete 
| 167|0x000000070cf00000, 0x000000070d000000, 0x000000070d000000|100%| S|CS|TAMS 0x000000070cf00000, 0x000000070cf00000| Complete 
| 168|0x000000070d000000, 0x000000070d100000, 0x000000070d100000|100%| S|CS|TAMS 0x000000070d000000, 0x000000070d000000| Complete 
| 169|0x000000070d100000, 0x000000070d200000, 0x000000070d200000|100%| S|CS|TAMS 0x000000070d100000, 0x000000070d100000| Complete 
| 170|0x000000070d200000, 0x000000070d300000, 0x000000070d300000|100%| S|CS|TAMS 0x000000070d200000, 0x000000070d200000| Complete 
| 171|0x000000070d300000, 0x000000070d400000, 0x000000070d400000|100%| S|CS|TAMS 0x000000070d300000, 0x000000070d300000| Complete 
| 172|0x000000070d400000, 0x000000070d500000, 0x000000070d500000|100%| S|CS|TAMS 0x000000070d400000, 0x000000070d400000| Complete 
| 173|0x000000070d500000, 0x000000070d600000, 0x000000070d600000|100%| S|CS|TAMS 0x000000070d500000, 0x000000070d500000| Complete 
| 174|0x000000070d600000, 0x000000070d700000, 0x000000070d700000|100%| S|CS|TAMS 0x000000070d600000, 0x000000070d600000| Complete 
| 175|0x000000070d700000, 0x000000070d800000, 0x000000070d800000|100%| S|CS|TAMS 0x000000070d700000, 0x000000070d700000| Complete 
| 176|0x000000070d800000, 0x000000070d900000, 0x000000070d900000|100%| S|CS|TAMS 0x000000070d800000, 0x000000070d800000| Complete 
| 177|0x000000070d900000, 0x000000070da00000, 0x000000070da00000|100%| S|CS|TAMS 0x000000070d900000, 0x000000070d900000| Complete 
| 178|0x000000070da00000, 0x000000070db00000, 0x000000070db00000|100%| S|CS|TAMS 0x000000070da00000, 0x000000070da00000| Complete 
| 179|0x000000070db00000, 0x000000070dc00000, 0x000000070dc00000|100%| S|CS|TAMS 0x000000070db00000, 0x000000070db00000| Complete 
| 180|0x000000070dc00000, 0x000000070dc00000, 0x000000070dd00000|  0%| F|  |TAMS 0x000000070dc00000, 0x000000070dc00000| Untracked 
| 181|0x000000070dd00000, 0x000000070dd00000, 0x000000070de00000|  0%| F|  |TAMS 0x000000070dd00000, 0x000000070dd00000| Untracked 
| 182|0x000000070de00000, 0x000000070de00000, 0x000000070df00000|  0%| F|  |TAMS 0x000000070de00000, 0x000000070de00000| Untracked 
| 183|0x000000070df00000, 0x000000070df00000, 0x000000070e000000|  0%| F|  |TAMS 0x000000070df00000, 0x000000070df00000| Untracked 
| 184|0x000000070e000000, 0x000000070e000000, 0x000000070e100000|  0%| F|  |TAMS 0x000000070e000000, 0x000000070e000000| Untracked 
| 185|0x000000070e100000, 0x000000070e100000, 0x000000070e200000|  0%| F|  |TAMS 0x000000070e100000, 0x000000070e100000| Untracked 
| 186|0x000000070e200000, 0x000000070e200000, 0x000000070e300000|  0%| F|  |TAMS 0x000000070e200000, 0x000000070e200000| Untracked 
| 187|0x000000070e300000, 0x000000070e300000, 0x000000070e400000|  0%| F|  |TAMS 0x000000070e300000, 0x000000070e300000| Untracked 
| 188|0x000000070e400000, 0x000000070e400000, 0x000000070e500000|  0%| F|  |TAMS 0x000000070e400000, 0x000000070e400000| Untracked 
| 189|0x000000070e500000, 0x000000070e500000, 0x000000070e600000|  0%| F|  |TAMS 0x000000070e500000, 0x000000070e500000| Untracked 
| 190|0x000000070e600000, 0x000000070e600000, 0x000000070e700000|  0%| F|  |TAMS 0x000000070e600000, 0x000000070e600000| Untracked 
| 191|0x000000070e700000, 0x000000070e700000, 0x000000070e800000|  0%| F|  |TAMS 0x000000070e700000, 0x000000070e700000| Untracked 
| 192|0x000000070e800000, 0x000000070e800000, 0x000000070e900000|  0%| F|  |TAMS 0x000000070e800000, 0x000000070e800000| Untracked 
| 193|0x000000070e900000, 0x000000070e900000, 0x000000070ea00000|  0%| F|  |TAMS 0x000000070e900000, 0x000000070e900000| Untracked 
| 194|0x000000070ea00000, 0x000000070ea00000, 0x000000070eb00000|  0%| F|  |TAMS 0x000000070ea00000, 0x000000070ea00000| Untracked 
| 195|0x000000070eb00000, 0x000000070eb00000, 0x000000070ec00000|  0%| F|  |TAMS 0x000000070eb00000, 0x000000070eb00000| Untracked 
| 196|0x000000070ec00000, 0x000000070ec00000, 0x000000070ed00000|  0%| F|  |TAMS 0x000000070ec00000, 0x000000070ec00000| Untracked 
| 197|0x000000070ed00000, 0x000000070ed00000, 0x000000070ee00000|  0%| F|  |TAMS 0x000000070ed00000, 0x000000070ed00000| Untracked 
| 198|0x000000070ee00000, 0x000000070ee00000, 0x000000070ef00000|  0%| F|  |TAMS 0x000000070ee00000, 0x000000070ee00000| Untracked 
| 199|0x000000070ef00000, 0x000000070ef00000, 0x000000070f000000|  0%| F|  |TAMS 0x000000070ef00000, 0x000000070ef00000| Untracked 
| 200|0x000000070f000000, 0x000000070f000000, 0x000000070f100000|  0%| F|  |TAMS 0x000000070f000000, 0x000000070f000000| Untracked 
| 201|0x000000070f100000, 0x000000070f100000, 0x000000070f200000|  0%| F|  |TAMS 0x000000070f100000, 0x000000070f100000| Untracked 
| 202|0x000000070f200000, 0x000000070f200000, 0x000000070f300000|  0%| F|  |TAMS 0x000000070f200000, 0x000000070f200000| Untracked 
| 203|0x000000070f300000, 0x000000070f300000, 0x000000070f400000|  0%| F|  |TAMS 0x000000070f300000, 0x000000070f300000| Untracked 
| 204|0x000000070f400000, 0x000000070f400000, 0x000000070f500000|  0%| F|  |TAMS 0x000000070f400000, 0x000000070f400000| Untracked 
| 205|0x000000070f500000, 0x000000070f500000, 0x000000070f600000|  0%| F|  |TAMS 0x000000070f500000, 0x000000070f500000| Untracked 
| 206|0x000000070f600000, 0x000000070f600000, 0x000000070f700000|  0%| F|  |TAMS 0x000000070f600000, 0x000000070f600000| Untracked 
| 207|0x000000070f700000, 0x000000070f700000, 0x000000070f800000|  0%| F|  |TAMS 0x000000070f700000, 0x000000070f700000| Untracked 
| 208|0x000000070f800000, 0x000000070f800000, 0x000000070f900000|  0%| F|  |TAMS 0x000000070f800000, 0x000000070f800000| Untracked 
| 209|0x000000070f900000, 0x000000070f900000, 0x000000070fa00000|  0%| F|  |TAMS 0x000000070f900000, 0x000000070f900000| Untracked 
| 210|0x000000070fa00000, 0x000000070fa00000, 0x000000070fb00000|  0%| F|  |TAMS 0x000000070fa00000, 0x000000070fa00000| Untracked 
| 211|0x000000070fb00000, 0x000000070fb00000, 0x000000070fc00000|  0%| F|  |TAMS 0x000000070fb00000, 0x000000070fb00000| Untracked 
| 212|0x000000070fc00000, 0x000000070fc00000, 0x000000070fd00000|  0%| F|  |TAMS 0x000000070fc00000, 0x000000070fc00000| Untracked 
| 213|0x000000070fd00000, 0x000000070fd00000, 0x000000070fe00000|  0%| F|  |TAMS 0x000000070fd00000, 0x000000070fd00000| Untracked 
| 214|0x000000070fe00000, 0x000000070fe00000, 0x000000070ff00000|  0%| F|  |TAMS 0x000000070fe00000, 0x000000070fe00000| Untracked 
| 215|0x000000070ff00000, 0x000000070ff00000, 0x0000000710000000|  0%| F|  |TAMS 0x000000070ff00000, 0x000000070ff00000| Untracked 
| 216|0x0000000710000000, 0x0000000710000000, 0x0000000710100000|  0%| F|  |TAMS 0x0000000710000000, 0x0000000710000000| Untracked 
| 217|0x0000000710100000, 0x0000000710100000, 0x0000000710200000|  0%| F|  |TAMS 0x0000000710100000, 0x0000000710100000| Untracked 
| 218|0x0000000710200000, 0x0000000710200000, 0x0000000710300000|  0%| F|  |TAMS 0x0000000710200000, 0x0000000710200000| Untracked 
| 219|0x0000000710300000, 0x0000000710300000, 0x0000000710400000|  0%| F|  |TAMS 0x0000000710300000, 0x0000000710300000| Untracked 
| 220|0x0000000710400000, 0x0000000710400000, 0x0000000710500000|  0%| F|  |TAMS 0x0000000710400000, 0x0000000710400000| Untracked 
| 221|0x0000000710500000, 0x0000000710500000, 0x0000000710600000|  0%| F|  |TAMS 0x0000000710500000, 0x0000000710500000| Untracked 
| 222|0x0000000710600000, 0x0000000710600000, 0x0000000710700000|  0%| F|  |TAMS 0x0000000710600000, 0x0000000710600000| Untracked 
| 223|0x0000000710700000, 0x0000000710700000, 0x0000000710800000|  0%| F|  |TAMS 0x0000000710700000, 0x0000000710700000| Untracked 
| 224|0x0000000710800000, 0x0000000710800000, 0x0000000710900000|  0%| F|  |TAMS 0x0000000710800000, 0x0000000710800000| Untracked 
| 225|0x0000000710900000, 0x0000000710900000, 0x0000000710a00000|  0%| F|  |TAMS 0x0000000710900000, 0x0000000710900000| Untracked 
| 226|0x0000000710a00000, 0x0000000710a00000, 0x0000000710b00000|  0%| F|  |TAMS 0x0000000710a00000, 0x0000000710a00000| Untracked 
| 227|0x0000000710b00000, 0x0000000710b00000, 0x0000000710c00000|  0%| F|  |TAMS 0x0000000710b00000, 0x0000000710b00000| Untracked 
| 228|0x0000000710c00000, 0x0000000710c00000, 0x0000000710d00000|  0%| F|  |TAMS 0x0000000710c00000, 0x0000000710c00000| Untracked 
| 229|0x0000000710d00000, 0x0000000710d00000, 0x0000000710e00000|  0%| F|  |TAMS 0x0000000710d00000, 0x0000000710d00000| Untracked 
| 230|0x0000000710e00000, 0x0000000710e00000, 0x0000000710f00000|  0%| F|  |TAMS 0x0000000710e00000, 0x0000000710e00000| Untracked 
| 231|0x0000000710f00000, 0x0000000710f00000, 0x0000000711000000|  0%| F|  |TAMS 0x0000000710f00000, 0x0000000710f00000| Untracked 
| 232|0x0000000711000000, 0x0000000711000000, 0x0000000711100000|  0%| F|  |TAMS 0x0000000711000000, 0x0000000711000000| Untracked 
| 233|0x0000000711100000, 0x0000000711100000, 0x0000000711200000|  0%| F|  |TAMS 0x0000000711100000, 0x0000000711100000| Untracked 
| 234|0x0000000711200000, 0x0000000711200000, 0x0000000711300000|  0%| F|  |TAMS 0x0000000711200000, 0x0000000711200000| Untracked 
| 235|0x0000000711300000, 0x0000000711300000, 0x0000000711400000|  0%| F|  |TAMS 0x0000000711300000, 0x0000000711300000| Untracked 
| 236|0x0000000711400000, 0x0000000711400000, 0x0000000711500000|  0%| F|  |TAMS 0x0000000711400000, 0x0000000711400000| Untracked 
| 237|0x0000000711500000, 0x0000000711500000, 0x0000000711600000|  0%| F|  |TAMS 0x0000000711500000, 0x0000000711500000| Untracked 
| 238|0x0000000711600000, 0x0000000711600000, 0x0000000711700000|  0%| F|  |TAMS 0x0000000711600000, 0x0000000711600000| Untracked 
| 239|0x0000000711700000, 0x0000000711700000, 0x0000000711800000|  0%| F|  |TAMS 0x0000000711700000, 0x0000000711700000| Untracked 
| 240|0x0000000711800000, 0x0000000711800000, 0x0000000711900000|  0%| F|  |TAMS 0x0000000711800000, 0x0000000711800000| Untracked 
| 241|0x0000000711900000, 0x0000000711900000, 0x0000000711a00000|  0%| F|  |TAMS 0x0000000711900000, 0x0000000711900000| Untracked 
| 242|0x0000000711a00000, 0x0000000711a00000, 0x0000000711b00000|  0%| F|  |TAMS 0x0000000711a00000, 0x0000000711a00000| Untracked 
| 243|0x0000000711b00000, 0x0000000711b00000, 0x0000000711c00000|  0%| F|  |TAMS 0x0000000711b00000, 0x0000000711b00000| Untracked 
| 244|0x0000000711c00000, 0x0000000711c00000, 0x0000000711d00000|  0%| F|  |TAMS 0x0000000711c00000, 0x0000000711c00000| Untracked 
| 245|0x0000000711d00000, 0x0000000711d00000, 0x0000000711e00000|  0%| F|  |TAMS 0x0000000711d00000, 0x0000000711d00000| Untracked 
| 246|0x0000000711e00000, 0x0000000711e00000, 0x0000000711f00000|  0%| F|  |TAMS 0x0000000711e00000, 0x0000000711e00000| Untracked 
| 247|0x0000000711f00000, 0x0000000711f00000, 0x0000000712000000|  0%| F|  |TAMS 0x0000000711f00000, 0x0000000711f00000| Untracked 
| 248|0x0000000712000000, 0x0000000712000000, 0x0000000712100000|  0%| F|  |TAMS 0x0000000712000000, 0x0000000712000000| Untracked 
| 249|0x0000000712100000, 0x0000000712100000, 0x0000000712200000|  0%| F|  |TAMS 0x0000000712100000, 0x0000000712100000| Untracked 
| 250|0x0000000712200000, 0x0000000712200000, 0x0000000712300000|  0%| F|  |TAMS 0x0000000712200000, 0x0000000712200000| Untracked 
| 251|0x0000000712300000, 0x0000000712300000, 0x0000000712400000|  0%| F|  |TAMS 0x0000000712300000, 0x0000000712300000| Untracked 
| 252|0x0000000712400000, 0x0000000712400000, 0x0000000712500000|  0%| F|  |TAMS 0x0000000712400000, 0x0000000712400000| Untracked 
| 253|0x0000000712500000, 0x0000000712500000, 0x0000000712600000|  0%| F|  |TAMS 0x0000000712500000, 0x0000000712500000| Untracked 
| 254|0x0000000712600000, 0x0000000712600000, 0x0000000712700000|  0%| F|  |TAMS 0x0000000712600000, 0x0000000712600000| Untracked 
| 255|0x0000000712700000, 0x0000000712700000, 0x0000000712800000|  0%| F|  |TAMS 0x0000000712700000, 0x0000000712700000| Untracked 
| 256|0x0000000712800000, 0x0000000712800000, 0x0000000712900000|  0%| F|  |TAMS 0x0000000712800000, 0x0000000712800000| Untracked 
| 257|0x0000000712900000, 0x0000000712900000, 0x0000000712a00000|  0%| F|  |TAMS 0x0000000712900000, 0x0000000712900000| Untracked 
| 258|0x0000000712a00000, 0x0000000712a00000, 0x0000000712b00000|  0%| F|  |TAMS 0x0000000712a00000, 0x0000000712a00000| Untracked 
| 259|0x0000000712b00000, 0x0000000712b00000, 0x0000000712c00000|  0%| F|  |TAMS 0x0000000712b00000, 0x0000000712b00000| Untracked 
| 260|0x0000000712c00000, 0x0000000712c00000, 0x0000000712d00000|  0%| F|  |TAMS 0x0000000712c00000, 0x0000000712c00000| Untracked 
| 261|0x0000000712d00000, 0x0000000712d00000, 0x0000000712e00000|  0%| F|  |TAMS 0x0000000712d00000, 0x0000000712d00000| Untracked 
| 262|0x0000000712e00000, 0x0000000712e00000, 0x0000000712f00000|  0%| F|  |TAMS 0x0000000712e00000, 0x0000000712e00000| Untracked 
| 263|0x0000000712f00000, 0x0000000712f00000, 0x0000000713000000|  0%| F|  |TAMS 0x0000000712f00000, 0x0000000712f00000| Untracked 
| 264|0x0000000713000000, 0x0000000713000000, 0x0000000713100000|  0%| F|  |TAMS 0x0000000713000000, 0x0000000713000000| Untracked 
| 265|0x0000000713100000, 0x0000000713100000, 0x0000000713200000|  0%| F|  |TAMS 0x0000000713100000, 0x0000000713100000| Untracked 
| 266|0x0000000713200000, 0x0000000713200000, 0x0000000713300000|  0%| F|  |TAMS 0x0000000713200000, 0x0000000713200000| Untracked 
| 267|0x0000000713300000, 0x0000000713300000, 0x0000000713400000|  0%| F|  |TAMS 0x0000000713300000, 0x0000000713300000| Untracked 
| 268|0x0000000713400000, 0x0000000713400000, 0x0000000713500000|  0%| F|  |TAMS 0x0000000713400000, 0x0000000713400000| Untracked 
| 269|0x0000000713500000, 0x0000000713500000, 0x0000000713600000|  0%| F|  |TAMS 0x0000000713500000, 0x0000000713500000| Untracked 
| 270|0x0000000713600000, 0x0000000713600000, 0x0000000713700000|  0%| F|  |TAMS 0x0000000713600000, 0x0000000713600000| Untracked 
| 271|0x0000000713700000, 0x0000000713700000, 0x0000000713800000|  0%| F|  |TAMS 0x0000000713700000, 0x0000000713700000| Untracked 
| 272|0x0000000713800000, 0x0000000713800000, 0x0000000713900000|  0%| F|  |TAMS 0x0000000713800000, 0x0000000713800000| Untracked 
| 273|0x0000000713900000, 0x0000000713900000, 0x0000000713a00000|  0%| F|  |TAMS 0x0000000713900000, 0x0000000713900000| Untracked 
| 274|0x0000000713a00000, 0x0000000713a00000, 0x0000000713b00000|  0%| F|  |TAMS 0x0000000713a00000, 0x0000000713a00000| Untracked 
| 275|0x0000000713b00000, 0x0000000713b00000, 0x0000000713c00000|  0%| F|  |TAMS 0x0000000713b00000, 0x0000000713b00000| Untracked 
| 276|0x0000000713c00000, 0x0000000713c00000, 0x0000000713d00000|  0%| F|  |TAMS 0x0000000713c00000, 0x0000000713c00000| Untracked 
| 277|0x0000000713d00000, 0x0000000713d00000, 0x0000000713e00000|  0%| F|  |TAMS 0x0000000713d00000, 0x0000000713d00000| Untracked 
| 278|0x0000000713e00000, 0x0000000713e00000, 0x0000000713f00000|  0%| F|  |TAMS 0x0000000713e00000, 0x0000000713e00000| Untracked 
| 279|0x0000000713f00000, 0x0000000713f00000, 0x0000000714000000|  0%| F|  |TAMS 0x0000000713f00000, 0x0000000713f00000| Untracked 
| 280|0x0000000714000000, 0x0000000714000000, 0x0000000714100000|  0%| F|  |TAMS 0x0000000714000000, 0x0000000714000000| Untracked 
| 281|0x0000000714100000, 0x0000000714100000, 0x0000000714200000|  0%| F|  |TAMS 0x0000000714100000, 0x0000000714100000| Untracked 
| 282|0x0000000714200000, 0x0000000714200000, 0x0000000714300000|  0%| F|  |TAMS 0x0000000714200000, 0x0000000714200000| Untracked 
| 283|0x0000000714300000, 0x0000000714300000, 0x0000000714400000|  0%| F|  |TAMS 0x0000000714300000, 0x0000000714300000| Untracked 
| 284|0x0000000714400000, 0x0000000714400000, 0x0000000714500000|  0%| F|  |TAMS 0x0000000714400000, 0x0000000714400000| Untracked 
| 285|0x0000000714500000, 0x0000000714500000, 0x0000000714600000|  0%| F|  |TAMS 0x0000000714500000, 0x0000000714500000| Untracked 
| 286|0x0000000714600000, 0x0000000714600000, 0x0000000714700000|  0%| F|  |TAMS 0x0000000714600000, 0x0000000714600000| Untracked 
| 287|0x0000000714700000, 0x0000000714700000, 0x0000000714800000|  0%| F|  |TAMS 0x0000000714700000, 0x0000000714700000| Untracked 
| 288|0x0000000714800000, 0x0000000714800000, 0x0000000714900000|  0%| F|  |TAMS 0x0000000714800000, 0x0000000714800000| Untracked 
| 289|0x0000000714900000, 0x0000000714900000, 0x0000000714a00000|  0%| F|  |TAMS 0x0000000714900000, 0x0000000714900000| Untracked 
| 290|0x0000000714a00000, 0x0000000714a00000, 0x0000000714b00000|  0%| F|  |TAMS 0x0000000714a00000, 0x0000000714a00000| Untracked 
| 291|0x0000000714b00000, 0x0000000714b00000, 0x0000000714c00000|  0%| F|  |TAMS 0x0000000714b00000, 0x0000000714b00000| Untracked 
| 292|0x0000000714c00000, 0x0000000714c00000, 0x0000000714d00000|  0%| F|  |TAMS 0x0000000714c00000, 0x0000000714c00000| Untracked 
| 293|0x0000000714d00000, 0x0000000714d00000, 0x0000000714e00000|  0%| F|  |TAMS 0x0000000714d00000, 0x0000000714d00000| Untracked 
| 294|0x0000000714e00000, 0x0000000714e00000, 0x0000000714f00000|  0%| F|  |TAMS 0x0000000714e00000, 0x0000000714e00000| Untracked 
| 295|0x0000000714f00000, 0x0000000714f00000, 0x0000000715000000|  0%| F|  |TAMS 0x0000000714f00000, 0x0000000714f00000| Untracked 
| 296|0x0000000715000000, 0x0000000715000000, 0x0000000715100000|  0%| F|  |TAMS 0x0000000715000000, 0x0000000715000000| Untracked 
| 297|0x0000000715100000, 0x0000000715100000, 0x0000000715200000|  0%| F|  |TAMS 0x0000000715100000, 0x0000000715100000| Untracked 
| 298|0x0000000715200000, 0x0000000715200000, 0x0000000715300000|  0%| F|  |TAMS 0x0000000715200000, 0x0000000715200000| Untracked 
| 299|0x0000000715300000, 0x0000000715300000, 0x0000000715400000|  0%| F|  |TAMS 0x0000000715300000, 0x0000000715300000| Untracked 
| 300|0x0000000715400000, 0x0000000715400000, 0x0000000715500000|  0%| F|  |TAMS 0x0000000715400000, 0x0000000715400000| Untracked 
| 301|0x0000000715500000, 0x0000000715500000, 0x0000000715600000|  0%| F|  |TAMS 0x0000000715500000, 0x0000000715500000| Untracked 
| 302|0x0000000715600000, 0x0000000715600000, 0x0000000715700000|  0%| F|  |TAMS 0x0000000715600000, 0x0000000715600000| Untracked 
| 303|0x0000000715700000, 0x0000000715800000, 0x0000000715800000|100%| E|  |TAMS 0x0000000715700000, 0x0000000715700000| Complete 
| 304|0x0000000715800000, 0x0000000715900000, 0x0000000715900000|100%| E|CS|TAMS 0x0000000715800000, 0x0000000715800000| Complete 

Card table byte_map: [0x0000012157be0000,0x00000121583d0000] _byte_map_base: 0x00000121543cc000

Marking Bits (Prev, Next): (CMBitMap*) 0x000001213903e610, (CMBitMap*) 0x000001213903e5d8
 Prev Bits: [0x000001215cb20000, 0x0000012160a80000)
 Next Bits: [0x0000012158bc0000, 0x000001215cb20000)

Polling page: 0x0000012137560000

Metaspace:

Usage:
  Non-class:     46.48 MB capacity,    45.69 MB ( 98%) used,   710.39 KB (  1%) free+waste,   105.06 KB ( <1%) overhead. 
      Class:      5.40 MB capacity,     4.99 MB ( 92%) used,   375.55 KB (  7%) free+waste,    41.13 KB ( <1%) overhead. 
       Both:     51.88 MB capacity,    50.68 MB ( 98%) used,     1.06 MB (  2%) free+waste,   146.19 KB ( <1%) overhead. 

Virtual space:
  Non-class space:       48.00 MB reserved,      46.50 MB ( 97%) committed 
      Class space:        1.00 GB reserved,       5.50 MB ( <1%) committed 
             Both:        1.05 GB reserved,      52.00 MB (  5%) committed 

Chunk freelists:
   Non-Class:  13.00 KB
       Class:  6.00 KB
        Both:  19.00 KB

MaxMetaspaceSize: 17179869184.00 GB
CompressedClassSpaceSize: 1.00 GB
Initial GC threshold: 20.80 MB
Current GC threshold: 68.12 MB
CDS: on

CodeHeap 'non-profiled nmethods': size=160448Kb used=4631Kb max_used=4631Kb free=155817Kb
 bounds [0x000001214cc10000, 0x000001214dc10000, 0x00000121568c0000]
CodeHeap 'profiled nmethods': size=160384Kb used=31560Kb max_used=31560Kb free=128823Kb
 bounds [0x0000012142f70000, 0x0000012144e50000, 0x000001214cc10000]
CodeHeap 'non-nmethods': size=6848Kb used=1304Kb max_used=2448Kb free=5543Kb
 bounds [0x00000121428c0000, 0x0000012142f70000, 0x0000012142f70000]
 total_blobs=11604 nmethods=11016 adapters=484
 compilation: enabled
              stopped_count=0, restarted_count=0
 full_count=0

JVMCI Events (20 events):
Event: 0.037 Thread 0x0000012138fee000 created new Java JVMCI runtime -1 (0x00000121390035f0)
Event: 0.095 Thread 0x0000012163f03000 created new CompileBroker JVMCI runtime 0 (0x0000012164076110)
Event: 0.095 Thread 0x0000012163f03000 attached to JVMCI runtime 0
Event: 0.101 Thread 0x0000012163f03000 loaded JVMCI shared library from C:\graalvm-ce-java11-windows-amd64-22.3.0\graalvm-ce-java11-22.3.0\bin\jvmcicompiler.dll
Event: 0.105 Thread 0x0000012163f03000 created JavaVM[1]@0x0000012164ed8080 for JVMCI runtime 0
Event: 0.105 Thread 0x0000012163f03000 initializing JVMCI runtime 0
Event: 0.105 Thread 0x0000012163f03000 initializing JavaVM references in JVMCI runtime 0
Event: 0.105 Thread 0x0000012163f03000 initialized JavaVM references in JVMCI runtime 0
Event: 0.107 Thread 0x0000012163f03000 initialized JVMCI runtime 0
Event: 4.468 Thread 0x0000012163f03000 detaching from JVMCI runtime 0: releasing idle compiler thread (0 other threads still attached)
Event: 4.468 Thread 0x0000012163f03000 shutting down HotSpotJVMCIRuntime for JVMCI runtime 0
Event: 4.468 Thread 0x0000012163f03000 shut down JVMCI runtime 0
Event: 4.473 Thread 0x0000012163f03000 destroyed JavaVM[1]@0x0000012164ed8080 for JVMCI runtime 0
Event: 4.473 Thread 0x0000012163f03000 releasing handles for JVMCI runtime 0: oop handles=92, metadata handles={total=960, live=836, blocks=30}
Event: 4.473 Thread 0x0000012163f03000 detached from JVMCI runtime 0
Event: 4.577 Thread 0x0000012163f03000 attached to JVMCI runtime 0
Event: 4.581 Thread 0x0000012163f03000 created JavaVM[2]@0x0000012164ed8080 for JVMCI runtime 0
Event: 4.581 Thread 0x0000012163f03000 initializing JVMCI runtime 0
Event: 4.581 Thread 0x0000012163f03000 done waiting for JavaVM references initialization in JVMCI runtime 0
Event: 4.581 Thread 0x0000012163f03000 initialized JVMCI runtime 0

Compilation events (20 events):
Event: 25.438 Thread 0x0000012163f04000 11054       2       org.apache.http.message.BasicListHeaderIterator::findNext (58 bytes)
Event: 25.438 Thread 0x0000012163f04000 nmethod 11054 0x0000012144e3d710 code [0x0000012144e3d8c0, 0x0000012144e3daf8]
Event: 25.438 Thread 0x0000012163f04000 11055       2       org.apache.http.message.BasicListHeaderIterator::hasNext (13 bytes)
Event: 25.438 Thread 0x0000012163f04000 nmethod 11055 0x0000012144e3dc10 code [0x0000012144e3dda0, 0x0000012144e3ded8]
Event: 25.438 Thread 0x0000012163f04000 11053       1       org.apache.http.message.BasicStatusLine::getStatusCode (5 bytes)
Event: 25.438 Thread 0x0000012163f04000 nmethod 11053 0x000001214d093710 code [0x000001214d0938a0, 0x000001214d093978]
Event: 25.479 Thread 0x0000012163f04000 11056       1       org.apache.http.pool.PoolEntry::getConnection (5 bytes)
Event: 25.479 Thread 0x0000012163f04000 nmethod 11056 0x000001214d093a10 code [0x000001214d093ba0, 0x000001214d093c78]
Event: 25.482 Thread 0x0000012163f04000 11057       1       org.apache.http.HttpHost::getPort (5 bytes)
Event: 25.482 Thread 0x0000012163f04000 nmethod 11057 0x000001214d093d10 code [0x000001214d093ea0, 0x000001214d093f78]
Event: 25.482 Thread 0x0000012163f04000 11058       2       java.nio.ByteBuffer::flip (5 bytes)
Event: 25.482 Thread 0x0000012163f04000 nmethod 11058 0x0000012144e3df90 code [0x0000012144e3e140, 0x0000012144e3e288]
Event: 25.483 Thread 0x0000012163f04000 11059       2       org.apache.maven.monitor.logging.DefaultLog::isDebugEnabled (10 bytes)
Event: 25.483 Thread 0x0000012163f04000 nmethod 11059 0x0000012144e3e310 code [0x0000012144e3e4c0, 0x0000012144e3e608]
Event: 25.483 Thread 0x0000012163f04000 11062       2       org.apache.http.util.ByteArrayBuffer::append (207 bytes)
Event: 25.484 Thread 0x0000012163f04000 nmethod 11062 0x0000012144e3e690 code [0x0000012144e3e900, 0x0000012144e3f208]
Event: 25.484 Thread 0x0000012163f04000 11060       2       io.quarkus.maven.MojoLogger$1::isEnabled (76 bytes)
Event: 25.484 Thread 0x0000012163f04000 nmethod 11060 0x0000012144e3f710 code [0x0000012144e3f900, 0x0000012144e3fcb8]
Event: 25.484 Thread 0x0000012163f04000 11061       1       org.apache.http.util.CharArrayBuffer::buffer (5 bytes)
Event: 25.484 Thread 0x0000012163f04000 nmethod 11061 0x000001214d094010 code [0x000001214d0941a0, 0x000001214d094278]

GC Heap History (20 events):
Event: 0.788 GC heap before
{Heap before GC invocations=0 (full 0):
 garbage-first heap   total 260096K, used 23552K [0x0000000702800000, 0x0000000800000000)
  region size 1024K, 24 young (24576K), 0 survivors (0K)
 Metaspace       used 5612K, capacity 7802K, committed 7936K, reserved 1056768K
  class space    used 616K, capacity 900K, committed 1024K, reserved 1048576K
}
Event: 0.793 GC heap after
{Heap after GC invocations=1 (full 0):
 garbage-first heap   total 260096K, used 3579K [0x0000000702800000, 0x0000000800000000)
  region size 1024K, 3 young (3072K), 3 survivors (3072K)
 Metaspace       used 5612K, capacity 7802K, committed 7936K, reserved 1056768K
  class space    used 616K, capacity 900K, committed 1024K, reserved 1048576K
}
Event: 2.757 GC heap before
{Heap before GC invocations=1 (full 0):
 garbage-first heap   total 260096K, used 156155K [0x0000000702800000, 0x0000000800000000)
  region size 1024K, 152 young (155648K), 3 survivors (3072K)
 Metaspace       used 14881K, capacity 15794K, committed 15872K, reserved 1062912K
  class space    used 1525K, capacity 1776K, committed 1792K, reserved 1048576K
}
Event: 2.777 GC heap after
{Heap after GC invocations=2 (full 0):
 garbage-first heap   total 260096K, used 21959K [0x0000000702800000, 0x0000000800000000)
  region size 1024K, 19 young (19456K), 19 survivors (19456K)
 Metaspace       used 14881K, capacity 15794K, committed 15872K, reserved 1062912K
  class space    used 1525K, capacity 1776K, committed 1792K, reserved 1048576K
}
Event: 2.832 GC heap before
{Heap before GC invocations=2 (full 0):
 garbage-first heap   total 260096K, used 30151K [0x0000000702800000, 0x0000000800000000)
  region size 1024K, 27 young (27648K), 19 survivors (19456K)
 Metaspace       used 14923K, capacity 15858K, committed 16128K, reserved 1062912K
  class space    used 1525K, capacity 1776K, committed 1792K, reserved 1048576K
}
Event: 2.849 GC heap after
{Heap after GC invocations=3 (full 0):
 garbage-first heap   total 260096K, used 24943K [0x0000000702800000, 0x0000000800000000)
  region size 1024K, 3 young (3072K), 3 survivors (3072K)
 Metaspace       used 14923K, capacity 15858K, committed 16128K, reserved 1062912K
  class space    used 1525K, capacity 1776K, committed 1792K, reserved 1048576K
}
Event: 3.133 GC heap before
{Heap before GC invocations=3 (full 0):
 garbage-first heap   total 260096K, used 66927K [0x0000000702800000, 0x0000000800000000)
  region size 1024K, 44 young (45056K), 3 survivors (3072K)
 Metaspace       used 15406K, capacity 16246K, committed 16384K, reserved 1064960K
  class space    used 1526K, capacity 1777K, committed 1792K, reserved 1048576K
}
Event: 3.137 GC heap after
{Heap after GC invocations=4 (full 0):
 garbage-first heap   total 260096K, used 27453K [0x0000000702800000, 0x0000000800000000)
  region size 1024K, 6 young (6144K), 6 survivors (6144K)
 Metaspace       used 15406K, capacity 16246K, committed 16384K, reserved 1064960K
  class space    used 1526K, capacity 1777K, committed 1792K, reserved 1048576K
}
Event: 4.879 GC heap before
{Heap before GC invocations=4 (full 0):
 garbage-first heap   total 260096K, used 73533K [0x0000000702800000, 0x0000000800000000)
  region size 1024K, 52 young (53248K), 6 survivors (6144K)
 Metaspace       used 20744K, capacity 21109K, committed 21248K, reserved 1069056K
  class space    used 2169K, capacity 2291K, committed 2304K, reserved 1048576K
}
Event: 4.889 GC heap after
{Heap after GC invocations=5 (full 0):
 garbage-first heap   total 260096K, used 34029K [0x0000000702800000, 0x0000000800000000)
  region size 1024K, 10 young (10240K), 10 survivors (10240K)
 Metaspace       used 20744K, capacity 21109K, committed 21248K, reserved 1069056K
  class space    used 2169K, capacity 2291K, committed 2304K, reserved 1048576K
}
Event: 6.990 GC heap before
{Heap before GC invocations=6 (full 0):
 garbage-first heap   total 260096K, used 123117K [0x0000000702800000, 0x0000000800000000)
  region size 1024K, 97 young (99328K), 10 survivors (10240K)
 Metaspace       used 24318K, capacity 24788K, committed 24956K, reserved 1071104K
  class space    used 2552K, capacity 2681K, committed 2688K, reserved 1048576K
}
Event: 7.006 GC heap after
{Heap after GC invocations=7 (full 0):
 garbage-first heap   total 260096K, used 48668K [0x0000000702800000, 0x0000000800000000)
  region size 1024K, 13 young (13312K), 13 survivors (13312K)
 Metaspace       used 24318K, capacity 24788K, committed 24956K, reserved 1071104K
  class space    used 2552K, capacity 2681K, committed 2688K, reserved 1048576K
}
Event: 9.281 GC heap before
{Heap before GC invocations=8 (full 0):
 garbage-first heap   total 260096K, used 136732K [0x0000000702800000, 0x0000000800000000)
  region size 1024K, 99 young (101376K), 13 survivors (13312K)
 Metaspace       used 31249K, capacity 31946K, committed 32252K, reserved 1077248K
  class space    used 3186K, capacity 3460K, committed 3584K, reserved 1048576K
}
Event: 9.297 GC heap after
{Heap after GC invocations=9 (full 0):
 garbage-first heap   total 312320K, used 54359K [0x0000000702800000, 0x0000000800000000)
  region size 1024K, 5 young (5120K), 5 survivors (5120K)
 Metaspace       used 31249K, capacity 31946K, committed 32252K, reserved 1077248K
  class space    used 3186K, capacity 3460K, committed 3584K, reserved 1048576K
}
Event: 15.145 GC heap before
{Heap before GC invocations=9 (full 0):
 garbage-first heap   total 312320K, used 161879K [0x0000000702800000, 0x0000000800000000)
  region size 1024K, 105 young (107520K), 5 survivors (5120K)
 Metaspace       used 40656K, capacity 41562K, committed 41596K, reserved 1087488K
  class space    used 4135K, capacity 4446K, committed 4480K, reserved 1048576K
}
Event: 15.181 GC heap after
{Heap after GC invocations=10 (full 0):
 garbage-first heap   total 312320K, used 79191K [0x0000000702800000, 0x0000000800000000)
  region size 1024K, 15 young (15360K), 15 survivors (15360K)
 Metaspace       used 40656K, capacity 41562K, committed 41596K, reserved 1087488K
  class space    used 4135K, capacity 4446K, committed 4480K, reserved 1048576K
}
Event: 16.281 GC heap before
{Heap before GC invocations=11 (full 0):
 garbage-first heap   total 312320K, used 188759K [0x0000000702800000, 0x0000000800000000)
  region size 1024K, 123 young (125952K), 15 survivors (15360K)
 Metaspace       used 43322K, capacity 44304K, committed 44412K, reserved 1089536K
  class space    used 4355K, capacity 4668K, committed 4736K, reserved 1048576K
}
Event: 16.293 GC heap after
{Heap after GC invocations=12 (full 0):
 garbage-first heap   total 312320K, used 84706K [0x0000000702800000, 0x0000000800000000)
  region size 1024K, 5 young (5120K), 5 survivors (5120K)
 Metaspace       used 43322K, capacity 44304K, committed 44412K, reserved 1089536K
  class space    used 4355K, capacity 4668K, committed 4736K, reserved 1048576K
}
Event: 20.066 GC heap before
{Heap before GC invocations=12 (full 0):
 garbage-first heap   total 312320K, used 200418K [0x0000000702800000, 0x0000000800000000)
  region size 1024K, 117 young (119808K), 5 survivors (5120K)
 Metaspace       used 47970K, capacity 49082K, committed 49148K, reserved 1093632K
  class space    used 4700K, capacity 5097K, committed 5120K, reserved 1048576K
}
Event: 20.081 GC heap after
{Heap after GC invocations=13 (full 0):
 garbage-first heap   total 312320K, used 84838K [0x0000000702800000, 0x0000000800000000)
  region size 1024K, 7 young (7168K), 7 survivors (7168K)
 Metaspace       used 47970K, capacity 49082K, committed 49148K, reserved 1093632K
  class space    used 4700K, capacity 5097K, committed 5120K, reserved 1048576K
}

Deoptimization events (20 events):
Event: 24.487 Thread 0x0000012138fee000 DEOPT PACKING pc=0x000001214cf32b8b sp=0x00000004b64fb240
Event: 24.487 Thread 0x0000012138fee000 DEOPT UNPACKING pc=0x000001214290a771 sp=0x00000004b64fa6d8 mode 3
Event: 24.578 Thread 0x0000012138fee000 DEOPT PACKING pc=0x0000012143a5fc63 sp=0x00000004b64fb100
Event: 24.578 Thread 0x0000012138fee000 DEOPT UNPACKING pc=0x000001214290a771 sp=0x00000004b64fa558 mode 0
Event: 24.580 Thread 0x0000012138fee000 Uncommon trap: trap_request=0xffffffed fr.pc=0x000001214d01d273 relative=0x0000000000000513
Event: 24.580 Thread 0x0000012138fee000 Uncommon trap: reason=null_assert_or_unreached0 action=reinterpret pc=0x000001214d01d273 method=java.util.regex.Pattern.closure(Ljava/util/regex/Pattern$Node;)Ljava/util/regex/Pattern$Node; @ 168 jvmci
Event: 24.580 Thread 0x0000012138fee000 DEOPT PACKING pc=0x000001214d01d273 sp=0x00000004b64fa510
Event: 24.580 Thread 0x0000012138fee000 DEOPT UNPACKING pc=0x000001214290a771 sp=0x00000004b64f99a8 mode 3
Event: 24.687 Thread 0x0000012138fee000 Uncommon trap: trap_request=0xffffffed fr.pc=0x000001214ce95b88 relative=0x0000000000000068
Event: 24.687 Thread 0x0000012138fee000 Uncommon trap: reason=null_assert_or_unreached0 action=reinterpret pc=0x000001214ce95b88 method=com.sun.crypto.provider.CounterMode.increment([B)V @ 0 jvmci
Event: 24.687 Thread 0x0000012138fee000 DEOPT PACKING pc=0x000001214ce95b88 sp=0x00000004b64fa950
Event: 24.687 Thread 0x0000012138fee000 DEOPT UNPACKING pc=0x000001214290a771 sp=0x00000004b64f9de8 mode 3
Event: 24.700 Thread 0x0000012138fee000 Uncommon trap: trap_request=0xffffffed fr.pc=0x000001214d056ab3 relative=0x0000000000000393
Event: 24.700 Thread 0x0000012138fee000 Uncommon trap: reason=null_assert_or_unreached0 action=reinterpret pc=0x000001214d056ab3 method=java.nio.channels.spi.AbstractInterruptibleChannel.end(Z)V @ 0 jvmci
Event: 24.700 Thread 0x0000012138fee000 DEOPT PACKING pc=0x000001214d056ab3 sp=0x00000004b64fc480
Event: 24.700 Thread 0x0000012138fee000 DEOPT UNPACKING pc=0x000001214290a771 sp=0x00000004b64fb920 mode 3
Event: 24.912 Thread 0x0000012138fee000 DEOPT PACKING pc=0x0000012144c2ddf4 sp=0x00000004b64fd070
Event: 24.912 Thread 0x0000012138fee000 DEOPT UNPACKING pc=0x000001214290a771 sp=0x00000004b64fc508 mode 0
Event: 25.247 Thread 0x0000012138fee000 DEOPT PACKING pc=0x0000012143a748da sp=0x00000004b64fb720
Event: 25.247 Thread 0x0000012138fee000 DEOPT UNPACKING pc=0x000001214290a771 sp=0x00000004b64fabb8 mode 0

Classes redefined (0 events):
No events

Internal exceptions (20 events):
Event: 25.390 Thread 0x0000012138fee000 Implicit null exception at 0x0000012143fdc27f to 0x0000012143fe16ea
Event: 25.390 Thread 0x0000012138fee000 Exception <a 'java/lang/NullPointerException'{0x000000070ded52a0}> (0x000000070ded52a0) thrown at [./src/hotspot/share/runtime/sharedRuntime.cpp, line 606]
Event: 25.390 Thread 0x0000012138fee000 Implicit null exception at 0x0000012143fdc27f to 0x0000012143fe16ea
Event: 25.390 Thread 0x0000012138fee000 Exception <a 'java/lang/NullPointerException'{0x000000070ded5d00}> (0x000000070ded5d00) thrown at [./src/hotspot/share/runtime/sharedRuntime.cpp, line 606]
Event: 25.390 Thread 0x0000012138fee000 Implicit null exception at 0x0000012143fdc27f to 0x0000012143fe16ea
Event: 25.390 Thread 0x0000012138fee000 Exception <a 'java/lang/NullPointerException'{0x000000070ded6278}> (0x000000070ded6278) thrown at [./src/hotspot/share/runtime/sharedRuntime.cpp, line 606]
Event: 25.390 Thread 0x0000012138fee000 Implicit null exception at 0x0000012143fdc27f to 0x0000012143fe16ea
Event: 25.390 Thread 0x0000012138fee000 Exception <a 'java/lang/NullPointerException'{0x000000070ded67f0}> (0x000000070ded67f0) thrown at [./src/hotspot/share/runtime/sharedRuntime.cpp, line 606]
Event: 25.391 Thread 0x0000012138fee000 Implicit null exception at 0x0000012143fdc27f to 0x0000012143fe16ea
Event: 25.391 Thread 0x0000012138fee000 Exception <a 'java/lang/NullPointerException'{0x000000070ded7348}> (0x000000070ded7348) thrown at [./src/hotspot/share/runtime/sharedRuntime.cpp, line 606]
Event: 25.391 Thread 0x0000012138fee000 Implicit null exception at 0x0000012143fdc27f to 0x0000012143fe16ea
Event: 25.391 Thread 0x0000012138fee000 Exception <a 'java/lang/NullPointerException'{0x000000070ded78c0}> (0x000000070ded78c0) thrown at [./src/hotspot/share/runtime/sharedRuntime.cpp, line 606]
Event: 25.391 Thread 0x0000012138fee000 Implicit null exception at 0x0000012143fdc27f to 0x0000012143fe16ea
Event: 25.391 Thread 0x0000012138fee000 Exception <a 'java/lang/NullPointerException'{0x000000070ded7e38}> (0x000000070ded7e38) thrown at [./src/hotspot/share/runtime/sharedRuntime.cpp, line 606]
Event: 25.391 Thread 0x0000012138fee000 Implicit null exception at 0x0000012143fdc27f to 0x0000012143fe16ea
Event: 25.391 Thread 0x0000012138fee000 Exception <a 'java/lang/NullPointerException'{0x000000070ded8738}> (0x000000070ded8738) thrown at [./src/hotspot/share/runtime/sharedRuntime.cpp, line 606]
Event: 25.391 Thread 0x0000012138fee000 Implicit null exception at 0x0000012143fdc27f to 0x0000012143fe16ea
Event: 25.391 Thread 0x0000012138fee000 Exception <a 'java/lang/NullPointerException'{0x000000070ded8cb0}> (0x000000070ded8cb0) thrown at [./src/hotspot/share/runtime/sharedRuntime.cpp, line 606]
Event: 25.391 Thread 0x0000012138fee000 Implicit null exception at 0x0000012143fdc27f to 0x0000012143fe16ea
Event: 25.391 Thread 0x0000012138fee000 Exception <a 'java/lang/NullPointerException'{0x000000070ded9228}> (0x000000070ded9228) thrown at [./src/hotspot/share/runtime/sharedRuntime.cpp, line 606]

Events (20 events):
Event: 24.701 loading class org/eclipse/aether/util/ChecksumUtils
Event: 24.701 loading class org/eclipse/aether/util/ChecksumUtils done
Event: 24.701 loading class org/eclipse/aether/util/ChecksumUtils
Event: 24.701 loading class org/eclipse/aether/util/ChecksumUtils done
Event: 24.704 loading class org/apache/http/conn/util/DnsUtils
Event: 24.704 loading class org/apache/http/conn/util/DnsUtils done
Event: 24.704 loading class org/apache/http/conn/util/DnsUtils
Event: 24.704 loading class org/apache/http/conn/util/DnsUtils done
Event: 24.704 loading class org/apache/http/cookie/SetCookie2
Event: 24.704 loading class org/apache/http/cookie/SetCookie2 done
Event: 24.704 loading class org/apache/http/cookie/SetCookie2
Event: 24.704 loading class org/apache/http/cookie/SetCookie2 done
Event: 24.705 loading class org/apache/http/util/CharsetUtils
Event: 24.705 loading class org/apache/http/util/CharsetUtils done
Event: 24.705 loading class org/apache/http/util/CharsetUtils
Event: 24.705 loading class org/apache/http/util/CharsetUtils done
Event: 24.747 loading class org/eclipse/aether/spi/connector/checksum/ChecksumPolicy
Event: 24.747 loading class org/eclipse/aether/spi/connector/checksum/ChecksumPolicy done
Event: 24.747 loading class org/eclipse/aether/spi/connector/checksum/ChecksumPolicy
Event: 24.747 loading class org/eclipse/aether/spi/connector/checksum/ChecksumPolicy done


Dynamic libraries:
0x00007ff62fb80000 - 0x00007ff62fb8d000 	C:\graalvm-ce-java11-windows-amd64-22.3.0\graalvm-ce-java11-22.3.0\bin\java.exe
0x00007ffcd9910000 - 0x00007ffcd9b08000 	C:\Windows\SYSTEM32\ntdll.dll
0x00007ffcd96a0000 - 0x00007ffcd975f000 	C:\Windows\System32\KERNEL32.DLL
0x00007ffcd72b0000 - 0x00007ffcd7582000 	C:\Windows\System32\KERNELBASE.dll
0x00007ffcd71b0000 - 0x00007ffcd72b0000 	C:\Windows\System32\ucrtbase.dll
0x00007ffcce6a0000 - 0x00007ffcce6b7000 	C:\graalvm-ce-java11-windows-amd64-22.3.0\graalvm-ce-java11-22.3.0\bin\jli.dll
0x00007ffcd7950000 - 0x00007ffcd7af1000 	C:\Windows\System32\USER32.dll
0x00007ffcd7690000 - 0x00007ffcd76b2000 	C:\Windows\System32\win32u.dll
0x00007ffcd98a0000 - 0x00007ffcd98cb000 	C:\Windows\System32\GDI32.dll
0x00007ffcd70a0000 - 0x00007ffcd71af000 	C:\Windows\System32\gdi32full.dll
0x00007ffcd7000000 - 0x00007ffcd709d000 	C:\Windows\System32\msvcp_win.dll
0x00007ffcb9000000 - 0x00007ffcb9015000 	C:\graalvm-ce-java11-windows-amd64-22.3.0\graalvm-ce-java11-22.3.0\bin\VCRUNTIME140.dll
0x00007ffcd64f0000 - 0x00007ffcd678a000 	C:\Windows\WinSxS\amd64_microsoft.windows.common-controls_6595b64144ccf1df_6.0.19041.1110_none_60b5254171f9507e\COMCTL32.dll
0x00007ffcd8950000 - 0x00007ffcd89ee000 	C:\Windows\System32\msvcrt.dll
0x00007ffcd86c0000 - 0x00007ffcd86f2000 	C:\Windows\System32\IMM32.DLL
0x00007ffc805f0000 - 0x00007ffc80c62000 	C:\Program Files\McAfee\DLP\Agent\fcagpph64.dll
0x00007ffcd8700000 - 0x00007ffcd87ae000 	C:\Windows\System32\ADVAPI32.dll
0x00007ffcd8aa0000 - 0x00007ffcd8b3c000 	C:\Windows\System32\sechost.dll
0x00007ffcd8c10000 - 0x00007ffcd8d35000 	C:\Windows\System32\RPCRT4.dll
0x00007ffcd7f70000 - 0x00007ffcd86b4000 	C:\Windows\System32\SHELL32.dll
0x00007ffcd8810000 - 0x00007ffcd893a000 	C:\Windows\System32\ole32.dll
0x00007ffcd8d40000 - 0x00007ffcd9095000 	C:\Windows\System32\combase.dll
0x00007ffcd87b0000 - 0x00007ffcd8805000 	C:\Windows\System32\SHLWAPI.dll
0x00007ffcd91c0000 - 0x00007ffcd922b000 	C:\Windows\System32\WS2_32.dll
0x00007ffcd8b40000 - 0x00007ffcd8c0d000 	C:\Windows\System32\OLEAUT32.dll
0x00007ffcb58c0000 - 0x00007ffcb5958000 	C:\Windows\SYSTEM32\WINSPOOL.DRV
0x00007ffcce140000 - 0x00007ffcce14a000 	C:\Windows\SYSTEM32\VERSION.dll
0x00007ffcd6ec0000 - 0x00007ffcd6ef2000 	C:\Windows\SYSTEM32\SspiCli.dll
0x00007ffcd6c70000 - 0x00007ffcd6ca3000 	C:\Windows\SYSTEM32\ntmarta.dll
0x00007ffc545e0000 - 0x00007ffc54abe000 	C:\Program Files\McAfee\DLP\Agent\fcagafa64.dll
0x0000012137590000 - 0x00000121375a4000 	C:\Windows\System32\umppc16207.dll
0x00007ffc90340000 - 0x00007ffc903db000 	C:\graalvm-ce-java11-windows-amd64-22.3.0\graalvm-ce-java11-22.3.0\bin\msvcp140.dll
0x00007ffc7e6f0000 - 0x00007ffc7f224000 	C:\graalvm-ce-java11-windows-amd64-22.3.0\graalvm-ce-java11-22.3.0\bin\server\jvm.dll
0x00007ffcd91b0000 - 0x00007ffcd91b8000 	C:\Windows\System32\PSAPI.DLL
0x00007ffcb8210000 - 0x00007ffcb8219000 	C:\Windows\SYSTEM32\WSOCK32.dll
0x00007ffcb9ad0000 - 0x00007ffcb9af7000 	C:\Windows\SYSTEM32\WINMM.dll
0x00007ffcd47c0000 - 0x00007ffcd47d2000 	C:\Windows\SYSTEM32\kernel.appcore.dll
0x00007ffcd3420000 - 0x00007ffcd3430000 	C:\graalvm-ce-java11-windows-amd64-22.3.0\graalvm-ce-java11-22.3.0\bin\verify.dll
0x00007ffcd6a30000 - 0x00007ffcd6c14000 	C:\Windows\SYSTEM32\DBGHELP.DLL
0x00007ffcd6970000 - 0x00007ffcd69a5000 	C:\Windows\SYSTEM32\dbgcore.DLL
0x0000012138eb0000 - 0x0000012138f32000 	C:\Windows\System32\bcryptPrimitives.dll
0x00007ffca30a0000 - 0x00007ffca30c8000 	C:\graalvm-ce-java11-windows-amd64-22.3.0\graalvm-ce-java11-22.3.0\bin\java.dll
0x00007ffcd1340000 - 0x00007ffcd134a000 	C:\graalvm-ce-java11-windows-amd64-22.3.0\graalvm-ce-java11-22.3.0\bin\jimage.dll
0x00007ffcb83b0000 - 0x00007ffcb83c8000 	C:\graalvm-ce-java11-windows-amd64-22.3.0\graalvm-ce-java11-22.3.0\bin\zip.dll
0x00007ffcd49c0000 - 0x00007ffcd5152000 	C:\Windows\SYSTEM32\windows.storage.dll
0x00007ffcd6280000 - 0x00007ffcd62b0000 	C:\Windows\SYSTEM32\Wldp.dll
0x0000012164210000 - 0x00000121642bd000 	C:\Windows\System32\SHCORE.dll
0x00007ffcd6f40000 - 0x00007ffcd6f5f000 	C:\Windows\SYSTEM32\profapi.dll
0x00007ffc79230000 - 0x00007ffc7b09d000 	C:\graalvm-ce-java11-windows-amd64-22.3.0\graalvm-ce-java11-22.3.0\bin\jvmcicompiler.dll
0x00007ffcd6f00000 - 0x00007ffcd6f2e000 	C:\Windows\SYSTEM32\USERENV.dll
0x00007ffcd6060000 - 0x00007ffcd60ca000 	C:\Windows\SYSTEM32\MSWSOCK.dll
0x00007ffcd5d70000 - 0x00007ffcd5dab000 	C:\Windows\SYSTEM32\IPHLPAPI.DLL
0x00007ffca29e0000 - 0x00007ffca29f9000 	C:\graalvm-ce-java11-windows-amd64-22.3.0\graalvm-ce-java11-22.3.0\bin\net.dll
0x00007ffccdb50000 - 0x00007ffccdc5c000 	C:\Windows\SYSTEM32\WINHTTP.dll
0x00007ffca29c0000 - 0x00007ffca29d3000 	C:\graalvm-ce-java11-windows-amd64-22.3.0\graalvm-ce-java11-22.3.0\bin\nio.dll
0x0000000000230000 - 0x0000000000254000 	C:\ProgramData\chocolatey\lib\maven\apache-maven-3.8.7\lib\jansi-native\Windows\x86_64\jansi.dll
0x00007ffcccd60000 - 0x00007ffcccd85000 	C:\graalvm-ce-java11-windows-amd64-22.3.0\graalvm-ce-java11-22.3.0\bin\sunec.dll
0x00007ffcd6d90000 - 0x00007ffcd6da8000 	C:\Windows\SYSTEM32\CRYPTSP.dll
0x00007ffcd5a00000 - 0x00007ffcd5a34000 	C:\Windows\system32\rsaenh.dll
0x00007ffcd77c0000 - 0x00007ffcd77e7000 	C:\Windows\System32\bcrypt.dll
0x00007ffcd61f0000 - 0x00007ffcd61fc000 	C:\Windows\SYSTEM32\CRYPTBASE.dll
0x00007ffcd9180000 - 0x00007ffcd9188000 	C:\Windows\System32\NSI.dll
0x00007ffcd0750000 - 0x00007ffcd0767000 	C:\Windows\SYSTEM32\dhcpcsvc6.DLL
0x00007ffcd0480000 - 0x00007ffcd049d000 	C:\Windows\SYSTEM32\dhcpcsvc.DLL
0x00007ffcd5e00000 - 0x00007ffcd5eca000 	C:\Windows\SYSTEM32\DNSAPI.dll
0x0000000077df0000 - 0x0000000077e16000 	C:\Program Files\Bonjour\mdnsNSP.dll
0x00007ffcc2130000 - 0x00007ffcc213a000 	C:\Windows\System32\rasadhlp.dll
0x00007ffcd0e70000 - 0x00007ffcd0ef0000 	C:\Windows\System32\fwpuclnt.dll
0x00007ffcccd50000 - 0x00007ffcccd5e000 	C:\graalvm-ce-java11-windows-amd64-22.3.0\graalvm-ce-java11-22.3.0\bin\sunmscapi.dll
0x00007ffcd77f0000 - 0x00007ffcd7946000 	C:\Windows\System32\CRYPT32.dll
0x00007ffcd63d0000 - 0x00007ffcd63f7000 	C:\Windows\SYSTEM32\ncrypt.dll
0x00007ffcd62f0000 - 0x00007ffcd632b000 	C:\Windows\SYSTEM32\NTASN1.dll

dbghelp: loaded successfully - version: 4.0.5 - missing functions: none
symbol engine: initialized successfully - sym options: 0x614 - pdb path: .;C:\graalvm-ce-java11-windows-amd64-22.3.0\graalvm-ce-java11-22.3.0\bin;C:\Windows\SYSTEM32;C:\Windows\WinSxS\amd64_microsoft.windows.common-controls_6595b64144ccf1df_6.0.19041.1110_none_60b5254171f9507e;C:\Program Files\McAfee\DLP\Agent;C:\graalvm-ce-java11-windows-amd64-22.3.0\graalvm-ce-java11-22.3.0\bin\server;C:\ProgramData\chocolatey\lib\maven\apache-maven-3.8.7\lib\jansi-native\Windows\x86_64;C:\Program Files\Bonjour

VM Arguments:
jvm_args: -XX:ThreadPriorityPolicy=1 -XX:+UnlockExperimentalVMOptions -XX:+EnableJVMCIProduct -XX:JVMCIThreadsPerNativeLibraryRuntime=1 -XX:-UnlockExperimentalVMOptions -Djavax.net.ssl.trustStore=C:\keystore\keystore.jks -Djavax.net.ssl.trustStorePassword=changeit -Dclassworlds.conf=C:\ProgramData\chocolatey\lib\maven\apache-maven-3.8.7\bin\m2.conf -Dmaven.home=C:\ProgramData\chocolatey\lib\maven\apache-maven-3.8.7 -Dlibrary.jansi.path=C:\ProgramData\chocolatey\lib\maven\apache-maven-3.8.7\lib\jansi-native -Dmaven.multiModuleProjectDirectory=C:\Users\10015760\Documents\okd-devops\core-f00183-nf-to-p3-nf-detection-event-v3 
java_command: org.codehaus.plexus.classworlds.launcher.Launcher clean install -U quarkus:dev
java_class_path (initial): C:\ProgramData\chocolatey\lib\maven\apache-maven-3.8.7\boot\plexus-classworlds-2.6.0.jar
Launcher Type: SUN_STANDARD

[Global flags]
     intx CICompilerCount                          = 4                                         {product} {ergonomic}
     uint ConcGCThreads                            = 2                                         {product} {ergonomic}
     bool EnableJVMCIProduct                       = true                                {JVMCI product} {jimage}
     uint G1ConcRefinementThreads                  = 8                                         {product} {ergonomic}
   size_t G1HeapRegionSize                         = 1048576                                   {product} {ergonomic}
    uintx GCDrainStackTargetSize                   = 64                                        {product} {ergonomic}
   size_t InitialHeapSize                          = 266338304                                 {product} {ergonomic}
     uint JVMCIThreadsPerNativeLibraryRuntime      = 1                                   {JVMCI product} {jimage}
   size_t MarkStackSize                            = 4194304                                   {product} {ergonomic}
   size_t MaxHeapSize                              = 4253024256                                {product} {ergonomic}
   size_t MaxNewSize                               = 2551185408                                {product} {ergonomic}
   size_t MinHeapDeltaBytes                        = 1048576                                   {product} {ergonomic}
    uintx NonNMethodCodeHeapSize                   = 6978596                                {pd product} {ergonomic}
    uintx NonProfiledCodeHeapSize                  = 164282862                              {pd product} {ergonomic}
    uintx ProfiledCodeHeapSize                     = 164282862                              {pd product} {ergonomic}
    uintx ReservedCodeCacheSize                    = 335544320                              {pd product} {ergonomic}
     bool SegmentedCodeCache                       = true                                      {product} {ergonomic}
     intx ThreadPriorityPolicy                     = 1                                         {product} {jimage}
     bool UseCompressedClassPointers               = true                                 {lp64_product} {ergonomic}
     bool UseCompressedOops                        = true                                 {lp64_product} {ergonomic}
     bool UseG1GC                                  = true                                      {product} {ergonomic}
     bool UseLargePagesIndividualAllocation        = false                                  {pd product} {ergonomic}

Logging:
Log output configuration:
 #0: stdout all=warning uptime,level,tags
 #1: stderr all=off uptime,level,tags

Environment Variables:
JAVA_HOME=C:\graalvm-ce-java11-windows-amd64-22.3.0\graalvm-ce-java11-22.3.0
PATH=C:\Program Files\Microsoft Visual Studio\2022\Community\VC\Tools\MSVC\14.34.31933\bin\HostX64\x64;C:\Program Files\Microsoft Visual Studio\2022\Community\Common7\IDE\VC\VCPackages;C:\Program Files\Microsoft Visual Studio\2022\Community\Common7\IDE\CommonExtensions\Microsoft\TestWindow;C:\Program Files\Microsoft Visual Studio\2022\Community\Common7\IDE\CommonExtensions\Microsoft\TeamFoundation\Team Explorer;C:\Program Files\Microsoft Visual Studio\2022\Community\MSBuild\Current\bin\Roslyn;C:\Program Files\Microsoft Visual Studio\2022\Community\Team Tools\Performance Tools\x64;C:\Program Files\Microsoft Visual Studio\2022\Community\Team Tools\Performance Tools;C:\Program Files (x86)\Microsoft SDKs\Windows\v10.0A\bin\NETFX 4.8 Tools\x64\;C:\Program Files\Microsoft Visual Studio\2022\Community\Common7\IDE\CommonExtensions\Microsoft\FSharp\Tools;C:\Program Files (x86)\Windows Kits\10\bin\10.0.22000.0\\x64;C:\Program Files (x86)\Windows Kits\10\bin\\x64;C:\Program Files\Microsoft Visual Studio\2022\Community\\MSBuild\Current\Bin\amd64;C:\Windows\Microsoft.NET\Framework64\v4.0.30319;C:\Program Files\Microsoft Visual Studio\2022\Community\Common7\IDE\;C:\Program Files\Microsoft Visual Studio\2022\Community\Common7\Tools\;C:\graalvm-ce-java11-windows-amd64-22.3.0\graalvm-ce-java11-22.3.0\bin;%PATH;C:\Program Files\Docker\Docker\resources\bin;C:\ProgramData\chocolatey\bin;C:\Program Files\nodejs\;C:\ProgramData\chocolatey\lib\maven\apache-maven-3.8.7\bin;C:\Windows\System32;C:\Users\10015760\AppData\Local\Programs\Python\Python311\Scripts\;C:\Users\10015760\AppData\Local\Programs\Python\Python311\;C:\Users\10015760\AppData\Local\Microsoft\WindowsApps;C:\Users\10015760\AppData\Local\Programs\Git\cmd;C:\Users\10015760\AppData\Local\Programs\Microsoft VS Code\bin;C:\Users\10015760\AppData\Roaming\npm;C:\Windows\System32;;C:\Program Files\Microsoft Visual Studio\2022\Community\Common7\IDE\CommonExtensions\Microsoft\CMake\CMake\bin;C:\Program Files\Microsoft Visual Studio\2022\C
USERNAME=10015760
OS=Windows_NT
PROCESSOR_IDENTIFIER=Intel64 Family 6 Model 142 Stepping 12, GenuineIntel
TMP=C:\Users\10015760\AppData\Local\Temp
TEMP=C:\Users\10015760\AppData\Local\Temp



---------------  S Y S T E M  ---------------

OS: Windows 10 , 64 bit Build 19041 (10.0.19041.2364)
OS uptime: 2 days 1:56 hours
Hyper-V role detected

CPU:total 8 (initial active 8) (4 cores per cpu, 2 threads per core) family 6 model 142 stepping 12 microcode 0xf4, cmov, cx8, fxsr, mmx, sse, sse2, sse3, ssse3, sse4.1, sse4.2, popcnt, avx, avx2, aes, clmul, erms, 3dnowpref, lzcnt, ht, tsc, tscinvbit, bmi1, bmi2, adx, fma

Memory: 4k page, system-wide physical 16221M (4614M free)
TotalPageFile size 17245M (AvailPageFile size 5M)
current process WorkingSet (physical memory assigned to process): 530M, peak: 530M
current process commit charge ("private bytes"): 587M, peak: 588M

vm_info: OpenJDK 64-Bit Server VM (11.0.17+8-jvmci-22.3-b08) for windows-amd64 JRE (11.0.17+8-jvmci-22.3-b08), built on Oct 19 2022 01:56:15 by "" with MS VC++ 15.9 (VS2017)

END.
